2024-07-23T19:58:07.803Z - POST - /api/products/
2024-07-23T20:01:30.663Z - DELETE - /api/products/d66d7b29-bfa7-44d5-8b2a-c3b57cbb17d6
2024-07-23T20:02:09.119Z - PUT - /api/products/d66d7b29-bfa7-44d5-8b2a-c3b57cbb17d6
2024-07-23T20:03:06.453Z - GET - /api/products/
2024-07-23T20:03:17.807Z - GET - /api/products/
2024-07-23T20:04:01.652Z - GET - /api/products/
2024-07-23T20:04:38.861Z - POST - /api/products/
2024-07-25|15:43 - GET - /api/products/
2024-07-25|15:44 - POST - /api/login
2024-07-25|15:45 - POST - /api/login
2024-07-25|15:45 - POST - /api/users
2024-07-25|15:47 - POST - /api/login
2024-07-25T12:47:50.830Z - POST - /api/login
2024-07-25T12:48:02.581Z - POST - /api/login
2024-07-25T12:48:03.716Z - POST - /api/login
2024-07-25T12:48:15.153Z - POST - /api/login
2024-07-25T12:48:34.998Z - POST - /api/login
2024-07-25T12:48:35.770Z - POST - /api/login
2024-07-25T12:48:35.940Z - POST - /api/login
2024-07-25T12:48:36.145Z - POST - /api/login
2024-07-25T12:48:36.457Z - POST - /api/login
2024-07-25T12:48:36.755Z - POST - /api/login
2024-07-25T12:49:16.351Z - POST - /api/users/login
2024-07-25T12:50:49.270Z - GET - /api/users/products
2024-07-25T12:51:00.698Z - GET - /api/products
2024-07-28T21:35:23.953Z - POST - /api/users/login
2024-07-28T21:35:25.250Z - POST - /api/users/login
2024-07-28T21:35:25.442Z - POST - /api/users/login
2024-07-28T21:36:09.672Z - OPTIONS - /api/users/login
2024-07-28T21:36:10.713Z - OPTIONS - /api/users/login
2024-07-28T21:36:10.876Z - OPTIONS - /api/users/login
2024-07-28T21:36:11.026Z - OPTIONS - /api/users/login
2024-07-28T21:36:11.197Z - OPTIONS - /api/users/login
2024-07-28T21:36:11.375Z - OPTIONS - /api/users/login
2024-07-28T21:36:11.547Z - OPTIONS - /api/users/login
2024-07-28T21:36:11.747Z - OPTIONS - /api/users/login
2024-07-28T21:36:12.562Z - OPTIONS - /api/users/login
2024-07-28T21:36:12.741Z - OPTIONS - /api/users/login
2024-07-28T21:36:12.905Z - OPTIONS - /api/users/login
2024-07-28T21:36:38.532Z - OPTIONS - /api/users/login
2024-07-28T21:36:39.444Z - OPTIONS - /api/users/login
2024-07-28T21:36:39.624Z - OPTIONS - /api/users/login
2024-07-28T21:36:39.808Z - OPTIONS - /api/users/login
2024-07-28T21:36:39.974Z - OPTIONS - /api/users/login
2024-07-28T21:36:40.160Z - OPTIONS - /api/users/login
2024-07-28T21:36:40.382Z - OPTIONS - /api/users/login
2024-07-28T21:36:41.512Z - OPTIONS - /api/users/login
2024-07-28T21:36:41.703Z - OPTIONS - /api/users/login
2024-07-28T21:36:41.887Z - OPTIONS - /api/users/login
2024-07-28T21:36:42.093Z - OPTIONS - /api/users/login
2024-07-28T21:36:42.868Z - OPTIONS - /api/users/login
2024-07-28T21:37:44.391Z - POST - /api/users/login
2024-07-28T21:38:21.873Z - GET - /api/products
2024-07-28T21:38:31.748Z - GET - /api/products
2024-07-28T21:39:12.854Z - GET - /api/products/c05af925-7c4b-47b8-aade-dfd9508d85af
2024-07-28T21:39:44.011Z - OPTIONS - /api/users/login
2024-07-28T21:39:44.157Z - OPTIONS - /api/users/login
2024-07-28T21:39:44.315Z - OPTIONS - /api/users/login
2024-07-28T21:39:44.618Z - OPTIONS - /api/users/login
2024-07-28T21:39:51.014Z - OPTIONS - /api/users/login
2024-07-28T21:39:51.538Z - OPTIONS - /api/users/login
2024-07-28T21:39:51.708Z - OPTIONS - /api/users/login
2024-07-28T21:39:51.878Z - OPTIONS - /api/users/login
2024-07-28T21:41:05.313Z - OPTIONS - /api/users/login
2024-07-28T21:41:05.948Z - OPTIONS - /api/users/login
2024-07-28T21:41:06.134Z - OPTIONS - /api/users/login
2024-07-28T21:41:06.290Z - OPTIONS - /api/users/login
2024-07-28T21:41:13.806Z - GET - /api/products/c05af925-7c4b-47b8-aade-dfd9508d85af
2024-07-28T21:41:18.607Z - OPTIONS - /api/users/login
2024-07-28T21:41:19.368Z - OPTIONS - /api/users/login
2024-07-28T21:41:25.981Z - OPTIONS - /api/users/login
2024-07-28T21:41:26.515Z - OPTIONS - /api/users/login
2024-07-28T21:41:26.693Z - OPTIONS - /api/users/login
2024-07-29T07:05:39.437Z - OPTIONS - /api/users/login
2024-07-29T07:05:49.280Z - OPTIONS - /api/users/login
2024-07-29T07:05:49.507Z - OPTIONS - /api/users/login
2024-07-29T07:05:49.747Z - OPTIONS - /api/users/login
2024-07-29T07:05:50.004Z - OPTIONS - /api/users/login
2024-07-29T07:05:50.231Z - OPTIONS - /api/users/login
2024-07-29T07:05:50.467Z - OPTIONS - /api/users/login
2024-07-29T07:05:50.697Z - OPTIONS - /api/users/login
2024-07-29T07:05:50.956Z - OPTIONS - /api/users/login
2024-07-29T07:05:51.638Z - OPTIONS - /api/users/login
2024-07-29T07:05:51.888Z - OPTIONS - /api/users/login
2024-07-29T07:05:52.145Z - OPTIONS - /api/users/login
2024-07-29T07:05:52.482Z - OPTIONS - /api/users/login
2024-07-29T07:05:52.733Z - OPTIONS - /api/users/login
2024-07-29T07:05:52.977Z - OPTIONS - /api/users/login
2024-07-29T07:05:53.378Z - OPTIONS - /api/users/login
2024-07-29T07:05:53.736Z - OPTIONS - /api/users/login
2024-07-29T07:06:10.963Z - OPTIONS - /api/users/login
2024-07-29T07:06:11.155Z - OPTIONS - /api/users/login
2024-07-29T07:06:11.398Z - OPTIONS - /api/users/login
2024-07-29T07:06:11.620Z - OPTIONS - /api/users/login
2024-07-29T07:06:11.856Z - OPTIONS - /api/users/login
2024-07-29T07:06:12.122Z - OPTIONS - /api/users/login
2024-07-29T07:06:12.710Z - OPTIONS - /api/users/login
2024-07-29T07:06:13.003Z - OPTIONS - /api/users/login
2024-07-29T07:06:13.311Z - OPTIONS - /api/users/login
2024-07-29T07:06:13.490Z - OPTIONS - /api/users/login
2024-07-29T07:06:13.834Z - OPTIONS - /api/users/login
2024-07-29T11:40:34.711Z - OPTIONS - /api/users/login
2024-07-29T11:40:34.856Z - OPTIONS - /api/users/login
2024-07-29T11:40:34.999Z - OPTIONS - /api/users/login
2024-07-29T11:40:35.163Z - OPTIONS - /api/users/login
2024-07-29T11:40:35.335Z - OPTIONS - /api/users/login
2024-07-29T11:40:35.521Z - OPTIONS - /api/users/login
2024-07-29T11:40:35.750Z - OPTIONS - /api/users/login
2024-07-29T11:40:35.919Z - OPTIONS - /api/users/login
2024-07-29T11:40:36.099Z - OPTIONS - /api/users/login
2024-07-29T11:45:47.722Z - POST - /api/users/login
2024-07-29T11:45:48.247Z - POST - /api/users/login
2024-07-29T11:45:48.396Z - POST - /api/users/login
2024-07-29T11:45:48.552Z - POST - /api/users/login
2024-07-29T11:45:48.716Z - POST - /api/users/login
2024-07-29T11:45:48.878Z - POST - /api/users/login
2024-07-29T11:45:56.314Z - POST - /api/users/login
2024-07-29T11:45:56.330Z - GET - /api/products
2024-07-29T11:45:56.339Z - GET - /api/products
2024-07-29T11:46:03.723Z - PUT - /api/products/c05af925-7c4b-47b8-aade-dfd9508d85af
2024-07-29T11:46:03.731Z - GET - /api/products
2024-07-29T11:46:06.185Z - PUT - /api/products/c05af925-7c4b-47b8-aade-dfd9508d85af
2024-07-29T11:46:06.196Z - GET - /api/products
2024-07-29T11:46:11.958Z - PUT - /api/products/c05af925-7c4b-47b8-aade-dfd9508d85af
2024-07-29T11:46:11.968Z - GET - /api/products
2024-07-29T11:46:13.292Z - PUT - /api/products/6dbc7045-5d27-4a8b-889e-e6a44c8603e7
2024-07-29T11:46:13.301Z - GET - /api/products
2024-07-29T11:46:14.366Z - PUT - /api/products/8b90ef03-10e5-4437-8046-d5d3470e2851
2024-07-29T11:46:14.375Z - GET - /api/products
2024-07-29T11:46:15.301Z - PUT - /api/products/8b90ef03-10e5-4437-8046-d5d3470e2851
2024-07-29T11:46:15.312Z - GET - /api/products
2024-07-29T11:46:15.729Z - PUT - /api/products/8b90ef03-10e5-4437-8046-d5d3470e2851
2024-07-29T11:46:15.739Z - GET - /api/products
2024-07-29T11:46:16.211Z - PUT - /api/products/8b90ef03-10e5-4437-8046-d5d3470e2851
2024-07-29T11:46:16.221Z - GET - /api/products
2024-07-29T11:46:17.719Z - PUT - /api/products/8b90ef03-10e5-4437-8046-d5d3470e2851
2024-07-29T11:46:17.730Z - GET - /api/products
2024-07-29T11:46:19.234Z - PUT - /api/products/6dbc7045-5d27-4a8b-889e-e6a44c8603e7
2024-07-29T11:46:19.241Z - GET - /api/products
2024-07-29T11:46:29.954Z - POST - /api/users/login
2024-07-29T11:46:29.967Z - GET - /api/products
2024-07-29T11:46:29.973Z - GET - /api/products
2024-07-29T11:46:52.794Z - DELETE - /api/products/8b90ef03-10e5-4437-8046-d5d3470e2851
2024-07-29T11:46:52.806Z - GET - /api/products
2024-07-29T11:47:23.166Z - PUT - /api/products/c05af925-7c4b-47b8-aade-dfd9508d85af
2024-07-29T11:47:23.175Z - GET - /api/products
2024-07-29T11:48:00.752Z - DELETE - /api/products/c05af925-7c4b-47b8-aade-dfd9508d85af
2024-07-29T11:48:00.764Z - GET - /api/products
2024-07-29T11:52:46.685Z - POST - /api/users/login
2024-07-29T11:53:12.159Z - GET - /api/products
2024-07-29T11:53:46.355Z - POST - /api/products
2024-07-29T11:54:06.615Z - POST - /api/users/login
2024-07-29T11:54:06.628Z - GET - /api/products
2024-07-29T11:54:06.634Z - GET - /api/products
2024-07-29T11:54:10.649Z - POST - /api/products
2024-07-29T16:27:30.266Z - POST - /api/users/login
2024-07-29T16:27:30.287Z - GET - /api/products
2024-07-29T16:27:30.297Z - GET - /api/products
2024-07-29T16:27:33.582Z - PUT - /api/products/6dbc7045-5d27-4a8b-889e-e6a44c8603e7
2024-07-29T16:27:33.592Z - GET - /api/products
2024-07-29T16:27:35.297Z - PUT - /api/products/71e0e035-3456-463c-9cfe-17ea5854ea07
2024-07-29T16:27:35.313Z - GET - /api/products
2024-07-29T16:35:24.066Z - GET - /api/products
2024-07-29T16:36:00.069Z - GET - /api/products
2024-07-29T16:36:00.071Z - GET - /api/products
2024-07-29T16:36:10.431Z - POST - /api/users/login
2024-07-29T16:36:10.449Z - GET - /api/products
2024-07-29T16:36:10.457Z - GET - /api/products
2024-07-29T16:36:16.326Z - PUT - /api/products/6dbc7045-5d27-4a8b-889e-e6a44c8603e7
2024-07-29T16:36:16.339Z - GET - /api/products
2024-07-29T16:36:17.844Z - PUT - /api/products/71e0e035-3456-463c-9cfe-17ea5854ea07
2024-07-29T16:36:17.862Z - GET - /api/products
2024-07-29T16:36:51.516Z - POST - /api/products
2024-07-29T16:36:51.537Z - GET - /api/products
2024-07-29T16:37:04.406Z - PUT - /api/products/63ae1f27-185d-4a5c-abd0-9add548a0e2d
2024-07-29T16:37:04.437Z - GET - /api/products
2024-07-29T16:37:40.018Z - PUT - /api/products/71e0e035-3456-463c-9cfe-17ea5854ea07
2024-07-29T16:37:40.044Z - GET - /api/products
2024-07-29T16:38:32.427Z - POST - /api/users/login
2024-07-29T16:39:03.906Z - GET - /api/products
2024-07-29T16:41:01.985Z - GET - /api/products
2024-07-29T16:41:05.951Z - POST - /api/products
2024-07-29T16:41:21.461Z - DELETE - /api/products/63ae1f27-185d-4a5c-abd0-9add548a0e2d
2024-07-29T16:41:21.484Z - GET - /api/products
2024-07-29T16:41:55.800Z - POST - /api/products
2024-07-29T16:41:55.822Z - GET - /api/products
2024-07-29T16:41:59.260Z - DELETE - /api/products/b0c63dda-3e2c-49ab-9a24-87d668c8597e
2024-07-29T16:41:59.281Z - GET - /api/products
2024-07-29T16:46:43.426Z - POST - /api/users/login
2024-07-29T16:46:43.448Z - GET - /api/products
2024-07-29T16:46:43.456Z - GET - /api/products
2024-07-29T16:46:47.623Z - POST - /api/products
2024-07-29T16:46:47.635Z - GET - /api/products
2024-07-29T16:46:48.438Z - POST - /api/products
2024-07-29T16:46:48.444Z - GET - /api/products
2024-07-29T16:46:48.617Z - POST - /api/products
2024-07-29T16:46:48.623Z - GET - /api/products
2024-07-29T16:46:51.845Z - POST - /api/products
2024-07-29T16:46:51.852Z - GET - /api/products
2024-07-29T16:47:14.056Z - POST - /api/products
2024-07-29T16:47:14.074Z - GET - /api/products
2024-07-29T16:48:07.074Z - GET - /api/products
2024-07-29T16:48:07.086Z - GET - /api/products
2024-07-29T16:48:37.572Z - POST - /api/users/login
2024-07-29T16:48:37.588Z - GET - /api/products
2024-07-29T16:48:37.594Z - GET - /api/products
2024-07-29T16:48:59.159Z - POST - /api/products
2024-07-29T16:48:59.177Z - GET - /api/products
2024-07-29T16:49:08.931Z - DELETE - /api/products/3e35eb75-76d9-41eb-a978-c5db06e087eb
2024-07-29T16:49:08.956Z - GET - /api/products
2024-07-29T16:53:19.668Z - PUT - /api/products/9d4f787d-9a97-44fb-8d41-e637806b7f01
2024-07-29T16:53:29.834Z - DELETE - /api/products/6e6c735b-d171-4aa4-9e2b-654b2c3b2b67
2024-07-29T16:53:29.866Z - GET - /api/products
2024-07-29T17:00:38.008Z - POST - /api/users/login
2024-07-29T17:00:38.027Z - GET - /api/products
2024-07-29T17:00:38.033Z - GET - /api/products
2024-07-29T17:00:43.132Z - POST - /api/users/login
2024-07-29T17:00:43.145Z - GET - /api/products
2024-07-29T17:00:43.148Z - GET - /api/products
2024-07-29T17:00:47.956Z - POST - /api/users/login
2024-07-29T17:00:47.963Z - GET - /api/products
2024-07-29T17:00:47.966Z - GET - /api/products
2024-07-29T17:00:55.122Z - POST - /api/users/login
2024-07-29T17:00:55.135Z - GET - /api/products
2024-07-29T17:00:55.141Z - GET - /api/products
2024-07-29T17:00:58.101Z - POST - /api/users/login
2024-07-29T17:00:58.107Z - GET - /api/products
2024-07-29T17:00:58.110Z - GET - /api/products
2024-07-29T17:01:06.930Z - POST - /api/products
2024-07-29T17:01:06.934Z - GET - /api/products
2024-07-29T17:01:15.440Z - POST - /api/users/login
2024-07-29T17:01:15.460Z - GET - /api/products
2024-07-29T17:01:15.465Z - GET - /api/products
2024-07-29T18:45:15.526Z - POST - /api/users/login
2024-07-29T18:45:15.543Z - GET - /api/products
2024-07-29T18:45:15.546Z - GET - /api/products
2024-07-29T18:45:23.471Z - POST - /api/users/login
2024-07-29T18:45:23.480Z - GET - /api/products
2024-07-29T18:45:23.482Z - GET - /api/products
2024-07-29T18:45:48.127Z - POST - /api/users/login
2024-07-29T18:45:48.149Z - GET - /api/products
2024-07-29T18:45:48.160Z - GET - /api/products
2024-07-29T18:47:27.049Z - PUT - /api/products/6dbc7045-5d27-4a8b-889e-e6a44c8603e7
2024-07-29T18:47:27.065Z - GET - /api/products
2024-07-29T18:47:38.859Z - PUT - /api/products/6dbc7045-5d27-4a8b-889e-e6a44c8603e7
2024-07-29T18:47:38.885Z - GET - /api/products
2024-07-29T18:49:29.229Z - PUT - /api/products/6b4dfce5-135d-43cd-bc60-16fceac37c5d
2024-07-29T18:49:29.254Z - GET - /api/products
2024-07-29T18:49:40.634Z - PUT - /api/products/6b4dfce5-135d-43cd-bc60-16fceac37c5d
2024-07-29T18:49:40.664Z - GET - /api/products
2024-07-29T18:56:55.921Z - PUT - /api/products/6dbc7045-5d27-4a8b-889e-e6a44c8603e7
2024-07-29T18:56:55.950Z - GET - /api/products
2024-07-29T18:57:53.618Z - POST - /api/users/login
2024-07-29T18:57:53.639Z - GET - /api/products
2024-07-29T18:57:53.647Z - GET - /api/products
2024-07-29T18:58:03.253Z - PUT - /api/products/9d4f787d-9a97-44fb-8d41-e637806b7f01
2024-07-29T18:58:03.273Z - GET - /api/products
2024-07-29T18:58:12.365Z - PUT - /api/products/71e0e035-3456-463c-9cfe-17ea5854ea07
2024-07-29T18:58:12.384Z - GET - /api/products
2024-07-29T18:58:26.262Z - PUT - /api/products/71e0e035-3456-463c-9cfe-17ea5854ea07
2024-07-29T18:58:26.282Z - GET - /api/products
2024-07-29T19:06:24.368Z - POST - /api/users/login
2024-07-29T19:06:24.382Z - GET - /api/products
2024-07-29T19:06:24.385Z - GET - /api/products
2024-07-29T19:06:30.850Z - POST - /api/users/login
2024-07-29T19:06:30.866Z - GET - /api/products
2024-07-29T19:06:30.873Z - GET - /api/products
2024-07-29T19:08:44.599Z - POST - /api/users/login
2024-07-29T19:08:44.613Z - GET - /api/products
2024-07-29T19:08:44.616Z - GET - /api/products
2024-07-29T19:08:50.961Z - POST - /api/users/login
2024-07-29T19:08:50.973Z - GET - /api/products
2024-07-29T19:08:50.978Z - GET - /api/products
2024-07-29T19:08:55.383Z - PUT - /api/products/6dbc7045-5d27-4a8b-889e-e6a44c8603e7
2024-07-29T19:08:55.393Z - GET - /api/products
2024-07-29T19:09:06.126Z - PUT - /api/products/6b4dfce5-135d-43cd-bc60-16fceac37c5d
2024-07-29T19:09:06.150Z - GET - /api/products
2024-07-29T19:40:40.775Z - POST - /api/users/login
2024-07-29T19:40:49.121Z - POST - /api/users/login
2024-07-29T19:40:49.143Z - GET - /api/products
2024-07-29T19:40:50.717Z - GET - /api/products
2024-07-29T19:41:07.972Z - PUT - /api/products/6b4dfce5-135d-43cd-bc60-16fceac37c5d
2024-07-29T19:41:07.988Z - GET - /api/products
2024-07-29T19:41:30.035Z - POST - /api/users/login
2024-07-29T19:41:30.056Z - GET - /api/products
2024-07-29T19:41:30.064Z - GET - /api/products
2024-07-29T19:41:36.028Z - PUT - /api/products/71e0e035-3456-463c-9cfe-17ea5854ea07
2024-07-29T19:41:36.045Z - GET - /api/products
2024-07-29T19:45:44.160Z - POST - /api/users/login
2024-07-29T19:45:44.174Z - GET - /api/products
2024-07-29T19:45:45.620Z - GET - /api/products
2024-07-29T19:45:52.999Z - PUT - /api/products/9d4f787d-9a97-44fb-8d41-e637806b7f01
2024-07-29T19:45:53.013Z - GET - /api/products
2024-07-29T19:46:47.774Z - POST - /api/users/login
2024-07-29T19:46:47.788Z - GET - /api/products
2024-07-29T19:46:47.791Z - GET - /api/products
2024-07-29T19:46:57.375Z - POST - /api/users/login
2024-07-29T19:46:57.391Z - GET - /api/products
2024-07-29T19:46:57.398Z - GET - /api/products
2024-07-29T19:47:01.329Z - PUT - /api/products/71e0e035-3456-463c-9cfe-17ea5854ea07
2024-07-29T19:47:01.341Z - GET - /api/products
2024-07-29T19:47:03.364Z - DELETE - /api/products/71e0e035-3456-463c-9cfe-17ea5854ea07
2024-07-29T19:47:03.397Z - GET - /api/products
2024-07-29T19:49:14.129Z - POST - /api/users/login
2024-07-29T19:49:14.139Z - GET - /api/products
2024-07-29T19:49:19.450Z - POST - /api/users/login
2024-07-29T19:49:19.467Z - GET - /api/products
2024-07-29T19:49:20.419Z - POST - /api/users/login
2024-07-29T19:49:20.426Z - GET - /api/products
2024-07-29T19:49:20.582Z - POST - /api/users/login
2024-07-29T19:49:20.588Z - GET - /api/products
2024-07-29T19:49:20.761Z - POST - /api/users/login
2024-07-29T19:49:20.767Z - GET - /api/products
2024-07-29T19:49:20.925Z - POST - /api/users/login
2024-07-29T19:49:20.931Z - GET - /api/products
2024-07-29T19:49:21.097Z - POST - /api/users/login
2024-07-29T19:49:21.102Z - GET - /api/products
2024-07-29T19:49:21.276Z - POST - /api/users/login
2024-07-29T19:49:21.281Z - GET - /api/products
2024-07-29T19:49:24.770Z - POST - /api/users/login
2024-07-29T19:49:24.785Z - GET - /api/products
2024-07-29T19:49:26.082Z - POST - /api/users/login
2024-07-29T19:49:26.089Z - GET - /api/products
2024-07-29T19:49:38.881Z - POST - /api/users/login
2024-07-29T19:49:38.895Z - GET - /api/products
2024-07-29T19:49:39.306Z - POST - /api/users/login
2024-07-29T19:49:39.313Z - GET - /api/products
2024-07-29T19:49:39.464Z - POST - /api/users/login
2024-07-29T19:49:39.469Z - GET - /api/products
2024-07-29T19:50:29.430Z - POST - /api/users/login
2024-07-29T19:50:29.438Z - GET - /api/products
2024-07-29T19:50:30.679Z - GET - /api/products
2024-07-29T19:53:45.659Z - POST - /api/users/login
2024-07-29T19:53:54.674Z - POST - /api/users/login
2024-07-29T19:53:54.687Z - GET - /api/products
2024-07-29T19:53:56.285Z - GET - /api/products
2024-07-29T19:54:00.923Z - GET - /api/products
2024-07-29T19:54:01.323Z - GET - /api/products
2024-07-29T19:54:01.510Z - GET - /api/products
2024-07-29T19:54:07.421Z - PUT - /api/products/6dbc7045-5d27-4a8b-889e-e6a44c8603e7
2024-07-29T19:54:07.433Z - GET - /api/products
2024-07-29T19:54:59.330Z - PUT - /api/products/9d4f787d-9a97-44fb-8d41-e637806b7f01
2024-07-29T19:54:59.348Z - GET - /api/products
2024-07-29T19:58:49.051Z - POST - /api/users/login
2024-07-29T19:58:49.067Z - GET - /api/products
2024-07-29T19:58:51.123Z - GET - /api/products
2024-07-29T19:58:57.605Z - POST - /api/products
2024-07-29T19:58:58.272Z - POST - /api/products
2024-07-29T19:58:58.445Z - POST - /api/products
2024-07-29T19:58:58.624Z - POST - /api/products
2024-07-29T19:59:01.520Z - POST - /api/products
2024-07-29T19:59:07.162Z - POST - /api/products
2024-07-29T19:59:10.042Z - POST - /api/products
2024-07-29T19:59:10.052Z - GET - /api/products
2024-07-29T19:59:14.383Z - GET - /api/products
2024-07-29T19:59:15.008Z - GET - /api/products
2024-07-29T19:59:15.152Z - GET - /api/products
2024-07-29T19:59:15.295Z - GET - /api/products
2024-07-29T19:59:15.474Z - GET - /api/products
2024-07-29T19:59:15.667Z - GET - /api/products
2024-07-29T19:59:16.284Z - GET - /api/products
2024-07-29T19:59:16.771Z - GET - /api/products
2024-07-29T19:59:16.929Z - GET - /api/products
2024-07-29T19:59:17.130Z - GET - /api/products
2024-07-29T19:59:50.103Z - PUT - /api/products/010ab08d-cb02-47b3-abdc-b1f7897845a6
2024-07-29T19:59:50.116Z - GET - /api/products
2024-07-29T20:00:11.149Z - DELETE - /api/products/010ab08d-cb02-47b3-abdc-b1f7897845a6
2024-07-29T20:00:11.173Z - GET - /api/products
2024-07-30T04:17:45.348Z - POST - /api/users/login
2024-07-30T04:17:45.363Z - GET - /api/products
2024-07-30T04:17:46.873Z - GET - /api/products
2024-07-30T04:17:50.857Z - POST - /api/products
2024-07-30T04:17:51.050Z - POST - /api/products
2024-07-30T04:17:51.234Z - POST - /api/products
2024-07-30T04:17:51.402Z - POST - /api/products
2024-07-30T04:17:51.561Z - POST - /api/products
2024-07-30T04:17:51.731Z - POST - /api/products
2024-07-30T04:17:54.554Z - POST - /api/products
2024-07-30T04:18:04.085Z - POST - /api/products
2024-07-30T04:18:04.103Z - GET - /api/products
2024-07-30T04:18:36.344Z - GET - /api/products
2024-07-30T04:18:36.500Z - GET - /api/products
2024-07-30T04:18:36.709Z - GET - /api/products
2024-07-30T04:18:36.869Z - GET - /api/products
2024-07-30T04:18:40.710Z - GET - /api/products
2024-07-30T04:18:40.917Z - GET - /api/products
2024-07-30T04:22:56.072Z - GET - /api/products
2024-07-30T04:22:56.294Z - GET - /api/products
2024-07-30T04:23:11.896Z - PUT - /api/products/b5f40c2b-6f81-4ba2-b818-5f2d8da0f3c3
2024-07-30T04:23:11.905Z - GET - /api/products
2024-07-30T04:23:27.815Z - GET - /api/products
2024-07-30T04:23:28.278Z - GET - /api/products
2024-07-30T04:23:28.822Z - GET - /api/products
2024-07-30T04:23:29.030Z - GET - /api/products
2024-07-30T04:23:29.213Z - GET - /api/products
2024-07-30T04:26:34.489Z - POST - /api/products
2024-07-30T04:26:34.630Z - POST - /api/products
2024-07-30T04:39:42.048Z - POST - /api/users/login
2024-07-30T04:39:42.057Z - GET - /api/products
2024-07-30T04:39:44.645Z - GET - /api/products
2024-07-30T04:39:49.518Z - POST - /api/products
2024-07-30T04:44:27.676Z - POST - /api/products
2024-07-30T04:44:28.865Z - POST - /api/products
2024-07-30T04:44:31.576Z - POST - /api/products
2024-07-30T04:44:31.589Z - GET - /api/products
2024-07-30T04:44:41.833Z - PUT - /api/products/c199cb27-f2b2-474e-9e80-0c49477eae44
2024-07-30T04:44:41.851Z - GET - /api/products
2024-07-30T04:46:38.895Z - POST - /api/users/login
2024-07-30T04:46:38.911Z - GET - /api/products
2024-07-30T04:46:40.471Z - GET - /api/products
2024-07-30T04:46:44.145Z - PUT - /api/products/c199cb27-f2b2-474e-9e80-0c49477eae44
2024-07-30T04:46:44.158Z - GET - /api/products
2024-07-30T04:46:47.236Z - DELETE - /api/products/c199cb27-f2b2-474e-9e80-0c49477eae44
2024-07-30T04:46:47.262Z - GET - /api/products
2024-07-30T04:46:58.193Z - POST - /api/products
2024-07-30T04:46:58.210Z - GET - /api/products
2024-07-30T04:47:03.046Z - PUT - /api/products/b421209d-3074-401c-9950-6c43e1b1a911
2024-07-30T04:47:03.062Z - GET - /api/products
2024-07-30T04:47:06.548Z - PUT - /api/products/b421209d-3074-401c-9950-6c43e1b1a911
2024-07-30T04:47:06.572Z - GET - /api/products
2024-07-30T04:47:09.925Z - PUT - /api/products/b421209d-3074-401c-9950-6c43e1b1a911
2024-07-30T04:47:09.942Z - GET - /api/products
2024-07-30T04:50:46.033Z - PUT - /api/products/b421209d-3074-401c-9950-6c43e1b1a911
2024-07-30T04:50:46.042Z - GET - /api/products
2024-07-30T04:51:20.776Z - PUT - /api/products/9d4f787d-9a97-44fb-8d41-e637806b7f01
2024-07-30T04:51:20.791Z - GET - /api/products
2024-07-30T04:51:22.340Z - PUT - /api/products/9d4f787d-9a97-44fb-8d41-e637806b7f01
2024-07-30T04:51:22.351Z - GET - /api/products
2024-07-30T04:51:26.270Z - PUT - /api/products/6b4dfce5-135d-43cd-bc60-16fceac37c5d
2024-07-30T04:51:26.280Z - GET - /api/products
2024-07-30T04:52:40.038Z - PUT - /api/products/b421209d-3074-401c-9950-6c43e1b1a911
2024-07-30T04:52:40.049Z - GET - /api/products
2024-07-30T04:53:07.063Z - GET - /api/products
2024-07-30T04:53:07.525Z - GET - /api/products
2024-07-30T04:53:07.708Z - GET - /api/products
2024-07-30T04:53:07.876Z - GET - /api/products
2024-07-30T04:53:08.052Z - GET - /api/products
2024-07-30T04:53:08.204Z - GET - /api/products
2024-07-30T04:53:08.364Z - GET - /api/products
2024-07-30T04:53:08.532Z - GET - /api/products
2024-07-30T04:53:08.701Z - GET - /api/products
2024-07-30T04:53:08.883Z - GET - /api/products
2024-07-30T04:53:09.067Z - GET - /api/products
2024-07-30T04:53:15.197Z - GET - /api/products
2024-07-30T04:53:15.388Z - GET - /api/products
2024-07-30T04:53:15.564Z - GET - /api/products
2024-07-30T04:53:35.013Z - PUT - /api/products/6dbc7045-5d27-4a8b-889e-e6a44c8603e7
2024-07-30T04:53:35.022Z - GET - /api/products
2024-07-30T04:53:51.728Z - PUT - /api/products/6b4dfce5-135d-43cd-bc60-16fceac37c5d
2024-07-30T04:53:51.743Z - GET - /api/products
2024-07-30T04:53:54.150Z - PUT - /api/products/b5f40c2b-6f81-4ba2-b818-5f2d8da0f3c3
2024-07-30T04:53:54.159Z - GET - /api/products
2024-07-30T04:54:01.843Z - GET - /api/products
2024-07-30T04:56:50.158Z - GET - /api/products
2024-07-30T04:56:50.651Z - GET - /api/products
2024-07-30T04:56:50.827Z - GET - /api/products
2024-07-30T04:56:51.028Z - GET - /api/products
2024-07-30T04:56:51.260Z - GET - /api/products
2024-07-30T04:56:56.576Z - POST - /api/products
2024-07-30T04:56:56.748Z - POST - /api/products
2024-07-30T04:56:56.907Z - POST - /api/products
2024-07-30T04:57:00.126Z - PUT - /api/products/6dbc7045-5d27-4a8b-889e-e6a44c8603e7
2024-07-30T04:57:00.132Z - GET - /api/products
2024-07-30T04:57:01.950Z - PUT - /api/products/9d4f787d-9a97-44fb-8d41-e637806b7f01
2024-07-30T04:57:01.960Z - GET - /api/products
2024-07-30T04:57:03.062Z - PUT - /api/products/6b4dfce5-135d-43cd-bc60-16fceac37c5d
2024-07-30T04:57:03.072Z - GET - /api/products
2024-07-30T05:03:37.800Z - PUT - /api/products/b421209d-3074-401c-9950-6c43e1b1a911
2024-07-30T05:03:37.814Z - GET - /api/products
2024-07-30T05:04:07.651Z - GET - /api/products
2024-07-30T05:04:07.820Z - GET - /api/products
2024-07-30T05:04:08.012Z - GET - /api/products
2024-07-30T05:04:08.219Z - GET - /api/products
2024-07-30T05:04:08.412Z - GET - /api/products
2024-07-30T05:05:22.142Z - PUT - /api/products/9d4f787d-9a97-44fb-8d41-e637806b7f01
2024-07-30T05:05:22.153Z - GET - /api/products
2024-07-30T05:05:33.853Z - POST - /api/products
2024-07-30T05:05:33.988Z - POST - /api/products
2024-07-30T05:05:34.156Z - POST - /api/products
2024-07-30T05:05:34.324Z - POST - /api/products
2024-07-30T05:05:34.524Z - POST - /api/products
2024-07-30T05:05:34.708Z - POST - /api/products
2024-07-30T05:05:35.141Z - POST - /api/products
2024-07-30T05:05:35.292Z - POST - /api/products
2024-07-30T05:05:35.478Z - POST - /api/products
2024-07-30T05:05:38.804Z - GET - /api/products
2024-07-30T05:05:39.013Z - GET - /api/products
2024-07-30T05:05:39.196Z - GET - /api/products
2024-07-30T05:05:39.380Z - GET - /api/products
2024-07-30T05:05:39.563Z - GET - /api/products
2024-07-30T05:05:39.996Z - GET - /api/products
2024-07-30T05:05:40.308Z - GET - /api/products
2024-07-30T05:05:40.491Z - GET - /api/products
2024-07-30T05:05:40.684Z - GET - /api/products
2024-07-30T05:05:40.844Z - GET - /api/products
2024-07-30T05:05:41.004Z - GET - /api/products
2024-07-30T05:05:41.188Z - GET - /api/products
2024-07-30T05:05:41.347Z - GET - /api/products
2024-07-30T05:05:41.556Z - GET - /api/products
2024-07-30T05:19:38.284Z - POST - /api/products
2024-07-30T05:19:38.293Z - GET - /api/products
2024-07-30T05:20:11.080Z - PUT - /api/products/15a8ac6d-8694-48af-86f6-7d854f1a787f
2024-07-30T05:20:11.095Z - GET - /api/products
2024-07-30T05:23:49.885Z - PUT - /api/products/15a8ac6d-8694-48af-86f6-7d854f1a787f
2024-07-30T05:23:49.900Z - GET - /api/products
2024-07-30T05:24:07.011Z - POST - /api/products
2024-07-30T05:24:07.026Z - GET - /api/products
2024-07-30T05:24:23.604Z - PUT - /api/products/43bd1fdb-7278-44e2-ae9d-e07c2d17537e
2024-07-30T05:24:23.618Z - GET - /api/products
2024-07-30T05:24:31.403Z - PUT - /api/products/43bd1fdb-7278-44e2-ae9d-e07c2d17537e
2024-07-30T05:24:31.414Z - GET - /api/products
2024-07-30T05:25:06.797Z - PUT - /api/products/43bd1fdb-7278-44e2-ae9d-e07c2d17537e
2024-07-30T05:25:06.808Z - GET - /api/products
2024-07-30T05:25:24.910Z - PUT - /api/products/15a8ac6d-8694-48af-86f6-7d854f1a787f
2024-07-30T05:25:24.925Z - GET - /api/products
2024-07-30T05:25:37.340Z - POST - /api/products
2024-07-30T05:25:37.490Z - POST - /api/products
2024-07-30T05:25:37.674Z - POST - /api/products
2024-07-30T05:25:37.842Z - POST - /api/products
2024-07-30T05:25:38.001Z - POST - /api/products
2024-07-30T05:28:31.707Z - PUT - /api/products/6b4dfce5-135d-43cd-bc60-16fceac37c5d
2024-07-30T05:28:31.715Z - GET - /api/products
2024-07-30T05:31:21.702Z - POST - /api/users/login
2024-07-30T05:31:21.716Z - GET - /api/products
2024-07-30T05:31:23.562Z - GET - /api/products
2024-07-30T05:31:34.840Z - DELETE - /api/products/43bd1fdb-7278-44e2-ae9d-e07c2d17537e
2024-07-30T05:31:34.856Z - GET - /api/products
2024-07-30T05:34:13.901Z - PUT - /api/products/6b4dfce5-135d-43cd-bc60-16fceac37c5d
2024-07-30T05:34:13.915Z - GET - /api/products
2024-07-30T05:36:24.812Z - PUT - /api/products/6b4dfce5-135d-43cd-bc60-16fceac37c5d
2024-07-30T05:36:24.823Z - GET - /api/products
2024-07-30T05:49:05.306Z - POST - /api/users/login
2024-07-30T05:49:05.318Z - GET - /api/products
2024-07-30T05:49:06.401Z - GET - /api/products
2024-07-30T05:49:54.045Z - POST - /api/users/login
2024-07-30T05:49:54.060Z - GET - /api/products
2024-07-30T05:49:54.064Z - GET - /api/products
2024-07-30T05:49:58.001Z - GET - /api/products
2024-07-30T05:49:58.177Z - GET - /api/products
2024-07-30T05:49:58.345Z - GET - /api/products
2024-07-30T05:49:58.520Z - GET - /api/products
2024-07-30T05:50:02.210Z - PUT - /api/products/15a8ac6d-8694-48af-86f6-7d854f1a787f
2024-07-30T05:50:02.219Z - GET - /api/products
2024-07-30T05:50:55.870Z - POST - /api/products
2024-07-30T05:50:55.878Z - GET - /api/products
2024-07-30T05:50:56.297Z - POST - /api/products
2024-07-30T05:50:56.300Z - GET - /api/products
2024-07-30T05:50:56.472Z - POST - /api/products
2024-07-30T05:50:56.475Z - GET - /api/products
2024-07-30T05:50:56.641Z - POST - /api/products
2024-07-30T05:50:56.644Z - GET - /api/products
2024-07-30T05:51:06.599Z - DELETE - /api/products/9d4f787d-9a97-44fb-8d41-e637806b7f01
2024-07-30T05:51:06.612Z - GET - /api/products
2024-07-30T05:51:29.039Z - GET - /api/products
2024-07-30T05:51:29.176Z - GET - /api/products
2024-07-30T05:51:29.504Z - GET - /api/products
2024-07-30T05:51:29.688Z - GET - /api/products
2024-07-30T05:51:29.840Z - GET - /api/products
2024-07-30T05:53:46.940Z - PUT - /api/products/15a8ac6d-8694-48af-86f6-7d854f1a787f
2024-07-30T05:53:46.954Z - GET - /api/products
2024-07-30T05:54:26.228Z - PUT - /api/products/15a8ac6d-8694-48af-86f6-7d854f1a787f
2024-07-30T05:54:26.245Z - GET - /api/products
2024-07-30T05:54:38.811Z - POST - /api/products
2024-07-30T05:54:38.824Z - GET - /api/products
2024-07-30T05:54:38.953Z - POST - /api/products
2024-07-30T05:54:38.957Z - GET - /api/products
2024-07-30T05:54:39.128Z - POST - /api/products
2024-07-30T05:54:39.132Z - GET - /api/products
2024-07-30T05:54:39.288Z - POST - /api/products
2024-07-30T05:54:39.293Z - GET - /api/products
2024-07-30T05:54:39.440Z - POST - /api/products
2024-07-30T05:54:39.445Z - GET - /api/products
2024-07-30T05:54:41.777Z - GET - /api/products
2024-07-30T05:54:41.984Z - GET - /api/products
2024-07-30T05:54:42.152Z - GET - /api/products
2024-07-30T05:54:42.343Z - GET - /api/products
2024-07-30T05:55:06.930Z - GET - /api/products
2024-07-30T05:55:07.120Z - GET - /api/products
2024-07-30T05:56:39.299Z - POST - /api/products
2024-07-30T05:56:39.307Z - GET - /api/products
2024-07-30T05:56:39.465Z - POST - /api/products
2024-07-30T05:56:39.469Z - GET - /api/products
2024-07-30T05:57:18.850Z - POST - /api/products
2024-07-30T05:57:18.858Z - GET - /api/products
2024-07-30T05:57:48.360Z - PUT - /api/products/d7e5784a-fa29-4faf-81b4-0b45d81aa2c7
2024-07-30T05:57:48.370Z - GET - /api/products
2024-07-30T05:57:57.554Z - PUT - /api/products/d7e5784a-fa29-4faf-81b4-0b45d81aa2c7
2024-07-30T05:57:57.568Z - GET - /api/products
2024-07-30T06:02:39.864Z - GET - /api/products
2024-07-30T06:02:40.016Z - GET - /api/products
2024-07-30T06:02:40.160Z - GET - /api/products
2024-07-30T06:02:40.296Z - GET - /api/products
2024-07-30T06:02:40.480Z - GET - /api/products
2024-07-30T06:02:40.656Z - GET - /api/products
2024-07-30T06:02:40.833Z - GET - /api/products
2024-07-30T06:02:40.985Z - GET - /api/products
2024-07-30T06:02:41.136Z - GET - /api/products
2024-07-30T06:02:41.297Z - GET - /api/products
2024-07-30T06:02:41.577Z - GET - /api/products
2024-07-30T06:06:37.004Z - POST - /api/users/login
2024-07-30T06:06:37.016Z - GET - /api/products
2024-07-30T06:06:37.020Z - GET - /api/products
2024-07-30T06:06:48.347Z - PUT - /api/products/6dbc7045-5d27-4a8b-889e-e6a44c8603e7
2024-07-30T06:06:48.357Z - GET - /api/products
2024-07-30T06:08:13.075Z - GET - /api/products
2024-07-30T06:08:13.233Z - GET - /api/products
2024-07-30T06:08:13.392Z - GET - /api/products
2024-07-30T06:08:13.545Z - GET - /api/products
2024-07-30T06:09:20.537Z - PUT - /api/products/b5f40c2b-6f81-4ba2-b818-5f2d8da0f3c3
2024-07-30T06:09:20.551Z - GET - /api/products
2024-07-30T06:11:26.788Z - PUT - /api/products/b421209d-3074-401c-9950-6c43e1b1a911
2024-07-30T06:11:26.802Z - GET - /api/products
2024-07-30T06:13:54.089Z - POST - /api/users/login
2024-07-30T06:13:54.104Z - GET - /api/products
2024-07-30T06:13:54.110Z - GET - /api/products
2024-07-30T06:13:57.712Z - GET - /api/products
2024-07-30T06:17:07.164Z - GET - /api/products
2024-07-30T06:17:07.166Z - GET - /api/products
2024-07-30T06:18:32.164Z - POST - /api/users/login
2024-07-30T06:18:32.174Z - GET - /api/products
2024-07-30T06:18:32.179Z - GET - /api/products
2024-07-30T06:18:34.840Z - GET - /api/products
2024-07-30T06:18:41.706Z - GET - /api/products
2024-07-30T06:22:35.606Z - PUT - /api/products/6dbc7045-5d27-4a8b-889e-e6a44c8603e7
2024-07-30T06:22:35.615Z - GET - /api/products
2024-07-30T06:22:59.088Z - POST - /api/products
2024-07-30T06:22:59.095Z - GET - /api/products
2024-07-30T06:23:02.496Z - GET - /api/products
2024-07-30T06:23:02.672Z - GET - /api/products
2024-07-30T06:23:02.839Z - GET - /api/products
2024-07-30T06:23:03.000Z - GET - /api/products
2024-07-30T06:23:03.159Z - GET - /api/products
2024-07-30T06:23:03.312Z - GET - /api/products
2024-07-30T06:23:03.488Z - GET - /api/products
2024-07-30T06:23:05.690Z - POST - /api/products
2024-07-30T06:23:05.694Z - GET - /api/products
2024-07-30T06:23:16.945Z - GET - /api/products
2024-07-30T06:25:52.160Z - GET - /api/products
2024-07-30T06:25:54.983Z - GET - /api/products
2024-07-30T06:25:55.152Z - GET - /api/products
2024-07-30T06:25:55.320Z - GET - /api/products
2024-07-30T06:25:55.480Z - GET - /api/products
2024-07-30T06:25:55.664Z - GET - /api/products
2024-07-30T06:25:55.856Z - GET - /api/products
2024-07-30T06:26:07.071Z - GET - /api/products
2024-07-30T06:26:36.161Z - GET - /api/products
2024-07-30T06:26:37.975Z - GET - /api/products
2024-07-30T06:26:38.127Z - GET - /api/products
2024-07-30T06:27:10.949Z - PUT - /api/products/b5f40c2b-6f81-4ba2-b818-5f2d8da0f3c3
2024-07-30T06:27:10.957Z - GET - /api/products
2024-07-30T06:27:56.946Z - PUT - /api/products/6b4dfce5-135d-43cd-bc60-16fceac37c5d
2024-07-30T06:27:56.966Z - GET - /api/products
2024-07-30T06:28:19.867Z - POST - /api/products
2024-07-30T06:28:19.882Z - GET - /api/products
2024-07-30T06:28:59.074Z - PUT - /api/products/9db00502-0e05-42a2-b61c-ab0d5008db75
2024-07-30T06:28:59.093Z - GET - /api/products
2024-07-30T06:47:24.746Z - GET - /api/products
2024-07-30T06:47:28.368Z - GET - /api/products
2024-07-30T06:47:29.208Z - GET - /api/products
2024-07-30T06:47:29.368Z - GET - /api/products
2024-07-30T06:47:29.535Z - GET - /api/products
2024-07-30T06:47:29.688Z - GET - /api/products
2024-07-30T06:47:29.857Z - GET - /api/products
2024-07-30T06:47:30.032Z - GET - /api/products
2024-07-30T06:47:33.483Z - PUT - /api/products/9db00502-0e05-42a2-b61c-ab0d5008db75
2024-07-30T06:47:33.495Z - GET - /api/products
2024-07-30T06:58:01.100Z - POST - /api/users/login
2024-07-30T06:58:01.120Z - GET - /api/products
2024-07-30T06:58:01.126Z - GET - /api/products
2024-07-30T07:01:39.034Z - PUT - /api/products/d7e5784a-fa29-4faf-81b4-0b45d81aa2c7
2024-07-30T07:01:39.044Z - GET - /api/products
2024-07-30T07:01:40.802Z - PUT - /api/products/15a8ac6d-8694-48af-86f6-7d854f1a787f
2024-07-30T07:01:40.811Z - GET - /api/products
2024-07-30T07:05:54.520Z - POST - /api/users/login
2024-07-30T07:05:54.533Z - GET - /api/products
2024-07-30T07:05:54.538Z - GET - /api/products
2024-07-30T07:06:41.585Z - POST - /api/users/login
2024-07-30T07:06:41.595Z - GET - /api/products
2024-07-30T07:06:41.597Z - GET - /api/products
2024-07-30T07:06:44.231Z - GET - /api/products
2024-07-30T07:06:48.826Z - POST - /api/users/login
2024-07-30T07:06:48.835Z - GET - /api/products
2024-07-30T07:06:48.837Z - GET - /api/products
2024-07-30T07:06:59.057Z - POST - /api/users/login
2024-07-30T07:06:59.072Z - GET - /api/products
2024-07-30T07:06:59.075Z - GET - /api/products
2024-07-30T07:07:03.233Z - PUT - /api/products/9db00502-0e05-42a2-b61c-ab0d5008db75
2024-07-30T07:07:03.241Z - GET - /api/products
2024-07-30T07:09:58.899Z - POST - /api/products
2024-07-30T07:09:58.911Z - GET - /api/products
2024-07-30T07:10:30.306Z - PUT - /api/products/d7e5784a-fa29-4faf-81b4-0b45d81aa2c7
2024-07-30T07:10:30.320Z - GET - /api/products
2024-07-30T07:10:33.233Z - PUT - /api/products/6b4dfce5-135d-43cd-bc60-16fceac37c5d
2024-07-30T07:10:33.243Z - GET - /api/products
2024-07-30T07:10:34.563Z - PUT - /api/products/b5f40c2b-6f81-4ba2-b818-5f2d8da0f3c3
2024-07-30T07:10:34.572Z - GET - /api/products
2024-07-30T07:10:35.729Z - PUT - /api/products/b421209d-3074-401c-9950-6c43e1b1a911
2024-07-30T07:10:35.739Z - GET - /api/products
2024-07-30T14:40:08.412Z - POST - /api/users/login
2024-07-30T14:40:08.449Z - GET - /api/products
2024-07-30T14:40:08.453Z - GET - /api/products
2024-07-30T14:40:19.882Z - POST - /api/users/login
2024-07-30T14:40:19.905Z - GET - /api/products
2024-07-30T14:40:19.916Z - GET - /api/products
2024-07-30T14:40:44.181Z - PUT - /api/products/b421209d-3074-401c-9950-6c43e1b1a911
2024-07-30T14:40:44.202Z - GET - /api/products
2024-07-30T14:40:47.334Z - PUT - /api/products/b5f40c2b-6f81-4ba2-b818-5f2d8da0f3c3
2024-07-30T14:40:47.353Z - GET - /api/products
2024-07-30T14:40:51.829Z - PUT - /api/products/6b4dfce5-135d-43cd-bc60-16fceac37c5d
2024-07-30T14:40:51.845Z - GET - /api/products
2024-07-30T14:40:58.937Z - PUT - /api/products/6b4dfce5-135d-43cd-bc60-16fceac37c5d
2024-07-30T14:40:58.955Z - GET - /api/products
2024-07-30T14:41:45.421Z - PUT - /api/products/d7e5784a-fa29-4faf-81b4-0b45d81aa2c7
2024-07-30T14:41:45.451Z - GET - /api/products
2024-07-30T14:42:30.798Z - GET - /api/products
2024-07-30T14:42:31.345Z - GET - /api/products
2024-07-30T14:42:31.652Z - GET - /api/products
2024-07-30T14:42:31.918Z - GET - /api/products
2024-07-30T14:42:33.395Z - GET - /api/products
2024-07-30T14:42:34.615Z - GET - /api/products
2024-07-30T14:42:35.082Z - GET - /api/products
2024-07-30T14:42:35.350Z - GET - /api/products
2024-07-30T14:42:35.568Z - GET - /api/products
2024-07-30T14:42:36.531Z - GET - /api/products
2024-07-30T14:42:41.775Z - GET - /api/products
2024-07-30T14:42:41.943Z - GET - /api/products
2024-07-30T14:42:42.123Z - GET - /api/products
2024-07-30T14:43:23.118Z - PUT - /api/products/6b4dfce5-135d-43cd-bc60-16fceac37c5d
2024-07-30T14:43:23.138Z - GET - /api/products
2024-07-30T14:57:03.308Z - POST - /api/users/login
2024-07-30T14:57:03.334Z - GET - /api/products
2024-07-30T14:57:03.338Z - GET - /api/products
2024-07-30T14:57:12.720Z - POST - /api/users/login
2024-07-30T14:57:12.747Z - GET - /api/products
2024-07-30T14:57:12.756Z - GET - /api/products
2024-07-30T14:57:44.191Z - PUT - /api/products/b5f40c2b-6f81-4ba2-b818-5f2d8da0f3c3
2024-07-30T14:57:44.204Z - GET - /api/products
2024-07-30T14:57:48.451Z - PUT - /api/products/b5f40c2b-6f81-4ba2-b818-5f2d8da0f3c3
2024-07-30T14:57:48.480Z - GET - /api/products
2024-07-30T14:58:06.706Z - DELETE - /api/products/15a8ac6d-8694-48af-86f6-7d854f1a787f
2024-07-30T14:58:06.739Z - GET - /api/products
2024-07-30T14:58:26.444Z - PUT - /api/products/9db00502-0e05-42a2-b61c-ab0d5008db75
2024-07-30T14:58:26.464Z - GET - /api/products
2024-07-30T14:58:39.220Z - PUT - /api/products/9db00502-0e05-42a2-b61c-ab0d5008db75
2024-07-30T14:58:39.246Z - GET - /api/products
2024-07-30T14:59:02.903Z - POST - /api/products
2024-07-30T14:59:02.911Z - GET - /api/products
2024-07-30T14:59:03.356Z - POST - /api/products
2024-07-30T14:59:03.360Z - GET - /api/products
2024-07-30T14:59:03.514Z - POST - /api/products
2024-07-30T14:59:03.519Z - GET - /api/products
2024-07-30T14:59:35.667Z - POST - /api/products
2024-07-30T14:59:35.689Z - GET - /api/products
2024-07-30T14:59:59.226Z - PUT - /api/products/b35d2832-6f7c-46eb-853e-5f27f60bdf9d
2024-07-30T14:59:59.251Z - GET - /api/products
2024-07-30T15:00:58.315Z - GET - /api/products
2024-07-30T15:00:58.527Z - GET - /api/products
2024-07-30T15:00:58.698Z - GET - /api/products
2024-07-30T15:00:58.856Z - GET - /api/products
2024-07-30T15:08:09.042Z - GET - /api/products
2024-07-30T15:08:09.046Z - GET - /api/products
2024-07-30T15:09:26.274Z - GET - /api/products
2024-07-30T15:09:26.421Z - GET - /api/products
2024-07-30T15:09:26.607Z - GET - /api/products
2024-07-30T15:10:13.998Z - GET - /api/products
2024-07-30T15:10:21.579Z - GET - /api/products
2024-07-30T15:10:24.615Z - POST - /api/users/login
2024-07-30T15:10:24.635Z - GET - /api/products
2024-07-30T15:10:24.638Z - GET - /api/products
2024-07-30T15:10:39.060Z - POST - /api/products
2024-07-30T15:10:39.065Z - GET - /api/products
2024-07-30T15:10:51.270Z - POST - /api/users/login
2024-07-30T15:10:51.291Z - GET - /api/products
2024-07-30T15:10:51.294Z - GET - /api/products
2024-07-30T15:11:06.586Z - POST - /api/users/login
2024-07-30T15:11:06.616Z - GET - /api/products
2024-07-30T15:11:06.620Z - GET - /api/products
2024-07-30T15:11:18.194Z - POST - /api/products
2024-07-30T15:11:18.206Z - GET - /api/products
2024-07-30T15:11:18.371Z - POST - /api/products
2024-07-30T15:11:18.376Z - GET - /api/products
2024-07-30T15:11:18.543Z - POST - /api/products
2024-07-30T15:11:18.548Z - GET - /api/products
2024-07-30T15:11:32.471Z - POST - /api/products
2024-07-30T15:11:32.487Z - GET - /api/products
2024-07-30T15:11:44.063Z - PUT - /api/products/aaab6193-ea88-4f25-bd1a-2efd8b9ccb38
2024-07-30T15:11:44.085Z - GET - /api/products
2024-07-30T15:12:17.253Z - GET - /api/products
2024-07-30T15:12:17.413Z - GET - /api/products
2024-07-30T15:12:17.571Z - GET - /api/products
2024-07-30T15:12:17.742Z - GET - /api/products
2024-07-30T15:12:18.201Z - GET - /api/products
2024-07-30T15:12:18.366Z - GET - /api/products
2024-07-30T15:12:18.545Z - GET - /api/products
2024-07-30T15:22:17.214Z - POST - /api/users/login
2024-07-30T15:22:17.259Z - GET - /api/products
2024-07-30T15:22:17.269Z - GET - /api/products
2024-07-30T15:22:45.778Z - POST - /api/users/login
2024-07-30T15:22:45.798Z - GET - /api/products
2024-07-30T15:22:45.806Z - GET - /api/products
2024-07-30T15:24:19.226Z - POST - /api/users/login
2024-07-30T15:24:19.241Z - GET - /api/products
2024-07-30T15:24:19.250Z - GET - /api/products
2024-07-30T15:25:20.596Z - POST - /api/users/login
2024-07-30T15:25:20.614Z - GET - /api/products
2024-07-30T15:25:20.620Z - GET - /api/products
2024-07-31T17:06:12.734Z - POST - /api/users/login
2024-07-31T17:06:12.779Z - GET - /api/products
2024-07-31T17:06:12.783Z - GET - /api/products
2024-07-31T17:06:23.771Z - POST - /api/users/login
2024-07-31T17:06:23.796Z - GET - /api/products
2024-07-31T17:06:23.815Z - GET - /api/products
2024-07-31T17:06:26.377Z - GET - /api/products
2024-07-31T17:06:26.554Z - GET - /api/products
2024-07-31T17:06:35.960Z - PUT - /api/products/b421209d-3074-401c-9950-6c43e1b1a911
2024-07-31T17:06:35.974Z - GET - /api/products
2024-07-31T17:33:52.554Z - GET - /
2024-07-31T17:34:05.238Z - GET - /
2024-07-31T17:34:17.346Z - GET - /api/products
2024-07-31T17:34:21.958Z - GET - /api/products
2024-07-31T17:34:39.965Z - POST - /api/users/login
2024-07-31T17:34:40.005Z - GET - /api/products
2024-07-31T17:34:40.019Z - GET - /api/products
2024-07-31T17:34:44.958Z - GET - /api/products
2024-07-31T17:39:15.103Z - PUT - /api/products/aaab6193-ea88-4f25-bd1a-2efd8b9ccb38
2024-07-31T17:39:15.119Z - GET - /api/products
2024-07-31T17:39:35.707Z - POST - /api/products
2024-07-31T17:39:35.718Z - GET - /api/products
2024-07-31T17:41:06.073Z - GET - /api/products
2024-07-31T17:41:35.659Z - GET - /api/products
2024-07-31T17:41:36.305Z - GET - /api/products
2024-07-31T17:41:44.819Z - GET - /api/products
2024-07-31T17:43:22.168Z - GET - /api/products
2024-07-31T17:43:22.172Z - GET - /api/products
2024-07-31T17:43:23.987Z - GET - /api/products
2024-07-31T17:43:23.993Z - GET - /api/products
2024-07-31T17:43:25.811Z - GET - /api/products
2024-07-31T17:43:25.815Z - GET - /api/products
2024-07-31T17:43:29.410Z - GET - /api/products
2024-07-31T17:43:29.986Z - GET - /api/products
2024-07-31T17:43:30.158Z - GET - /api/products
2024-07-31T17:43:30.322Z - GET - /api/products
2024-07-31T17:43:30.501Z - GET - /api/products
2024-07-31T17:43:30.694Z - GET - /api/products
2024-07-31T17:43:38.540Z - GET - /api/products
2024-07-31T17:43:38.545Z - GET - /api/products
2024-07-31T17:43:39.269Z - GET - /api/products
2024-07-31T17:43:39.272Z - GET - /api/products
2024-07-31T17:43:39.463Z - GET - /api/products
2024-07-31T17:43:39.466Z - GET - /api/products
2024-07-31T17:43:39.679Z - GET - /api/products
2024-07-31T17:43:39.681Z - GET - /api/products
2024-07-31T17:43:43.573Z - GET - /api/products
2024-07-31T17:43:43.575Z - GET - /api/products
2024-07-31T17:43:44.267Z - GET - /api/products
2024-07-31T17:43:44.269Z - GET - /api/products
2024-07-31T17:43:44.807Z - GET - /api/products
2024-07-31T17:43:44.810Z - GET - /api/products
2024-07-31T17:43:45.500Z - GET - /api/products
2024-07-31T17:43:45.503Z - GET - /api/products
2024-07-31T17:43:45.695Z - GET - /api/products
2024-07-31T17:43:45.698Z - GET - /api/products
2024-07-31T17:44:32.367Z - POST - /api/users/login
2024-07-31T17:44:32.381Z - GET - /api/products
2024-07-31T17:44:32.388Z - GET - /api/products
2024-07-31T17:44:39.216Z - PUT - /api/products/9db00502-0e05-42a2-b61c-ab0d5008db75
2024-07-31T17:44:39.229Z - GET - /api/products
2024-07-31T17:44:43.771Z - PUT - /api/products/9db00502-0e05-42a2-b61c-ab0d5008db75
2024-07-31T17:44:43.798Z - GET - /api/products
2024-07-31T17:51:53.162Z - POST - /api/users/login
2024-07-31T17:51:53.186Z - GET - /api/products
2024-07-31T17:51:53.190Z - GET - /api/products
2024-07-31T17:51:56.519Z - GET - /api/products
2024-07-31T17:52:00.539Z - GET - /
2024-07-31T17:52:10.492Z - POST - /api/users/login
2024-07-31T17:52:10.527Z - GET - /api/products
2024-07-31T17:52:10.537Z - GET - /api/products
2024-07-31T17:53:08.660Z - GET - /api/products
2024-07-31T17:53:09.051Z - GET - /api/products
2024-07-31T17:53:39.863Z - POST - /api/products
2024-07-31T17:53:39.874Z - GET - /api/products
2024-07-31T20:19:27.199Z - GET - /
2024-07-31T20:19:29.616Z - GET - /
2024-07-31T20:20:09.753Z - POST - /api/users/login
2024-07-31T20:20:09.769Z - GET - /api/products
2024-07-31T20:20:09.771Z - GET - /api/products
2024-07-31T20:20:22.756Z - POST - /api/users/login
2024-07-31T20:20:22.782Z - GET - /api/products
2024-07-31T20:20:22.794Z - GET - /api/products
2024-07-31T20:23:18.242Z - GET - /api/products
2024-07-31T20:23:18.244Z - GET - /api/products
2024-07-31T20:23:24.729Z - GET - /api/products
2024-07-31T20:23:25.169Z - GET - /api/products
2024-07-31T20:23:25.346Z - GET - /api/products
2024-07-31T20:23:25.717Z - GET - /api/products
2024-07-31T20:23:27.679Z - GET - /api/products
2024-07-31T20:23:27.851Z - GET - /api/products
2024-07-31T20:23:28.036Z - GET - /api/products
2024-07-31T20:23:30.373Z - GET - /api/products
2024-07-31T20:23:30.376Z - GET - /api/products
2024-07-31T20:23:31.144Z - GET - /api/products
2024-07-31T20:23:31.147Z - GET - /api/products
2024-07-31T20:23:31.608Z - GET - /api/products
2024-07-31T20:23:31.611Z - GET - /api/products
2024-07-31T20:23:31.836Z - GET - /api/products
2024-07-31T20:23:31.838Z - GET - /api/products
2024-07-31T20:23:32.242Z - GET - /api/products
2024-07-31T20:23:32.244Z - GET - /api/products
2024-07-31T20:23:32.780Z - GET - /api/products
2024-07-31T20:23:32.782Z - GET - /api/products
2024-07-31T20:25:18.656Z - GET - /api/products
2024-07-31T20:25:18.658Z - GET - /api/products
2024-07-31T20:25:23.122Z - GET - /api/products
2024-07-31T20:25:23.293Z - GET - /api/products
2024-07-31T20:25:23.501Z - GET - /api/products
2024-07-31T20:25:23.696Z - GET - /api/products
2024-07-31T20:26:41.057Z - GET - /api/products
2024-07-31T20:26:41.062Z - GET - /api/products
2024-07-31T20:26:43.080Z - GET - /api/products
2024-07-31T20:26:43.085Z - GET - /api/products
2024-07-31T20:26:56.284Z - GET - /api/products
2024-07-31T20:26:56.286Z - GET - /api/products
2024-07-31T20:28:53.522Z - GET - /api/products
2024-07-31T20:28:53.524Z - GET - /api/products
2024-07-31T20:34:51.841Z - GET - /api/products
2024-07-31T20:34:51.848Z - GET - /api/products
2024-07-31T20:35:11.636Z - POST - /api/users/login
2024-07-31T20:35:11.648Z - GET - /api/products
2024-07-31T20:35:11.650Z - GET - /api/products
2024-07-31T20:35:18.610Z - POST - /api/users/login
2024-07-31T20:35:18.632Z - GET - /api/products
2024-07-31T20:35:18.636Z - GET - /api/products
2024-08-01T17:18:48.293Z - POST - /api/users/login
2024-08-01T17:18:48.312Z - GET - /api/products
2024-08-01T17:18:48.316Z - GET - /api/products
2024-08-01T17:19:08.972Z - POST - /api/users/login
2024-08-01T17:19:08.988Z - GET - /api/products
2024-08-01T17:19:08.998Z - GET - /api/products
2024-08-01T17:21:00.339Z - POST - /api/products
2024-08-01T17:21:00.349Z - GET - /api/products
2024-08-01T17:22:00.954Z - PUT - /api/products/7013ac25-3f0e-4bc0-9ac3-196438b6f3bf
2024-08-01T17:22:00.966Z - GET - /api/products
2024-08-01T17:22:04.036Z - PUT - /api/products/626df91d-b6aa-4cf9-9815-430f88ca0eaa
2024-08-01T17:22:04.045Z - GET - /api/products
2024-08-01T17:33:10.227Z - DELETE - /api/products/626df91d-b6aa-4cf9-9815-430f88ca0eaa
2024-08-01T17:33:10.245Z - GET - /api/products
2024-08-01T17:44:50.077Z - GET - /api/products
2024-08-01T17:46:17.777Z - POST - /api/users/login
2024-08-01T17:46:48.629Z - GET - /api/products
2024-08-01T17:46:58.711Z - GET - /api/products
2024-08-01T17:53:13.130Z - POST - /api/users/login
2024-08-01T17:53:13.146Z - GET - /api/products
2024-08-01T17:53:13.153Z - GET - /api/products
2024-08-01T18:12:38.092Z - GET - /api/products
2024-08-01T18:12:38.099Z - GET - /api/products
2024-08-01T18:14:19.194Z - GET - /api/products
2024-08-01T18:18:03.839Z - GET - /api/products
2024-08-01T18:18:03.845Z - GET - /api/products
2024-08-01T18:18:04.219Z - GET - /api/products
2024-08-01T18:18:04.226Z - GET - /api/products
2024-08-01T18:18:04.418Z - GET - /api/products
2024-08-01T18:18:04.424Z - GET - /api/products
2024-08-01T18:18:04.528Z - GET - /api/products
2024-08-01T18:18:04.532Z - GET - /api/products
2024-08-01T18:18:58.475Z - POST - /api/users/login
2024-08-01T18:19:07.237Z - POST - /api/users/login
2024-08-01T18:19:31.192Z - GET - /api/products
2024-08-01T18:19:31.195Z - GET - /api/products
2024-08-01T18:19:34.743Z - GET - /api/products
2024-08-01T18:19:34.747Z - GET - /api/products
2024-08-01T18:19:35.539Z - GET - /api/products
2024-08-01T18:19:35.543Z - GET - /api/products
2024-08-01T18:19:35.745Z - GET - /api/products
2024-08-01T18:19:35.750Z - GET - /api/products
2024-08-01T18:19:36.010Z - GET - /api/products
2024-08-01T18:19:36.014Z - GET - /api/products
2024-08-01T18:19:36.183Z - GET - /api/products
2024-08-01T18:19:36.188Z - GET - /api/products
2024-08-01T18:19:36.353Z - GET - /api/products
2024-08-01T18:19:36.357Z - GET - /api/products
2024-08-01T18:19:36.533Z - GET - /api/products
2024-08-01T18:19:36.537Z - GET - /api/products
2024-08-01T18:19:36.651Z - GET - /api/products
2024-08-01T18:19:36.657Z - GET - /api/products
2024-08-01T18:19:36.812Z - GET - /api/products
2024-08-01T18:19:36.816Z - GET - /api/products
2024-08-01T18:19:36.962Z - GET - /api/products
2024-08-01T18:19:36.968Z - GET - /api/products
2024-08-01T18:19:37.145Z - GET - /api/products
2024-08-01T18:19:37.149Z - GET - /api/products
2024-08-01T18:19:37.260Z - GET - /api/products
2024-08-01T18:19:37.264Z - GET - /api/products
2024-08-01T18:19:37.451Z - GET - /api/products
2024-08-01T18:19:37.458Z - GET - /api/products
2024-08-01T18:19:37.548Z - GET - /api/products
2024-08-01T18:19:37.551Z - GET - /api/products
2024-08-01T18:19:37.773Z - GET - /api/products
2024-08-01T18:19:37.777Z - GET - /api/products
2024-08-01T18:21:15.604Z - GET - /api/products
2024-08-01T18:21:15.612Z - GET - /api/products
2024-08-01T18:21:17.093Z - GET - /api/products
2024-08-01T18:21:17.097Z - GET - /api/products
2024-08-01T18:21:17.729Z - GET - /api/products
2024-08-01T18:21:17.735Z - GET - /api/products
2024-08-01T18:21:17.892Z - GET - /api/products
2024-08-01T18:21:17.898Z - GET - /api/products
2024-08-01T18:21:18.050Z - GET - /api/products
2024-08-01T18:21:18.054Z - GET - /api/products
2024-08-01T18:21:18.219Z - GET - /api/products
2024-08-01T18:21:18.222Z - GET - /api/products
2024-08-01T18:21:18.403Z - GET - /api/products
2024-08-01T18:21:18.408Z - GET - /api/products
2024-08-01T18:21:18.619Z - GET - /api/products
2024-08-01T18:21:18.623Z - GET - /api/products
2024-08-01T18:21:18.857Z - GET - /api/products
2024-08-01T18:21:18.862Z - GET - /api/products
2024-08-01T18:21:19.045Z - GET - /api/products
2024-08-01T18:21:19.051Z - GET - /api/products
2024-08-01T18:21:19.216Z - GET - /api/products
2024-08-01T18:21:19.220Z - GET - /api/products
2024-08-01T18:21:19.389Z - GET - /api/products
2024-08-01T18:21:19.393Z - GET - /api/products
2024-08-01T18:21:19.600Z - GET - /api/products
2024-08-01T18:21:19.604Z - GET - /api/products
2024-08-01T18:21:19.771Z - GET - /api/products
2024-08-01T18:21:19.776Z - GET - /api/products
2024-08-01T18:21:19.950Z - GET - /api/products
2024-08-01T18:21:19.953Z - GET - /api/products
2024-08-01T18:22:56.941Z - GET - /api/products
2024-08-01T18:22:56.951Z - GET - /api/products
2024-08-01T18:22:59.449Z - GET - /api/products
2024-08-01T18:22:59.454Z - GET - /api/products
2024-08-01T18:22:59.459Z - GET - /api/products
2024-08-01T18:22:59.466Z - GET - /api/products
2024-08-01T18:23:00.086Z - GET - /api/products
2024-08-01T18:23:00.090Z - GET - /api/products
2024-08-01T18:23:00.094Z - GET - /api/products
2024-08-01T18:23:00.098Z - GET - /api/products
2024-08-01T18:23:00.273Z - GET - /api/products
2024-08-01T18:23:00.277Z - GET - /api/products
2024-08-01T18:23:00.280Z - GET - /api/products
2024-08-01T18:23:00.284Z - GET - /api/products
2024-08-01T18:23:01.592Z - GET - /api/products
2024-08-01T18:23:02.396Z - GET - /api/products
2024-08-01T18:23:02.589Z - GET - /api/products
2024-08-01T18:23:02.753Z - GET - /api/products
2024-08-01T18:23:05.885Z - GET - /api/products
2024-08-01T18:23:06.100Z - GET - /api/products
2024-08-01T18:23:11.792Z - GET - /api/products
2024-08-01T18:24:51.198Z - GET - /api/products
2024-08-01T18:25:55.757Z - POST - /api/users/login
2024-08-01T18:25:55.776Z - GET - /api/products
2024-08-01T18:25:55.799Z - GET - /api/products
2024-08-02T08:14:46.585Z - GET - /api/products
2024-08-02T08:15:08.050Z - GET - /api/products
2024-08-02T08:15:32.268Z - GET - /api/products
2024-08-02T08:15:39.927Z - GET - /api/products
2024-08-02T08:16:39.096Z - POST - /api/users/login
2024-08-02T08:17:03.127Z - GET - /api/products
2024-08-02T08:18:32.305Z - POST - /api/users/login
2024-08-02T08:18:32.343Z - GET - /api/products
2024-08-02T08:18:32.346Z - GET - /api/products
2024-08-02T08:18:42.353Z - POST - /api/users/login
2024-08-02T08:18:42.372Z - GET - /api/products
2024-08-02T08:18:42.385Z - GET - /api/products
2024-08-02T08:19:01.645Z - PUT - /api/products/7013ac25-3f0e-4bc0-9ac3-196438b6f3bf
2024-08-02T08:19:01.662Z - GET - /api/products
2024-08-02T08:21:14.548Z - PUT - /api/products/b421209d-3074-401c-9950-6c43e1b1a911
2024-08-02T08:21:14.573Z - GET - /api/products
2024-08-02T08:21:20.468Z - PUT - /api/products/7013ac25-3f0e-4bc0-9ac3-196438b6f3bf
2024-08-02T08:21:20.489Z - GET - /api/products
2024-08-02T08:21:24.939Z - PUT - /api/products/b5f40c2b-6f81-4ba2-b818-5f2d8da0f3c3
2024-08-02T08:21:24.958Z - GET - /api/products
2024-08-02T08:30:47.169Z - GET - /api/products
2024-08-02T08:33:53.185Z - GET - /api/products
2024-08-02T08:33:53.188Z - GET - /api/products
2024-08-02T08:33:53.191Z - GET - /api/products
2024-08-02T08:33:53.194Z - GET - /api/products
2024-08-02T08:33:55.560Z - GET - /api/products
2024-08-02T08:33:55.564Z - GET - /api/products
2024-08-02T08:33:55.569Z - GET - /api/products
2024-08-02T08:33:55.572Z - GET - /api/products
2024-08-02T08:33:59.413Z - GET - /api/products
2024-08-02T08:33:59.576Z - GET - /api/products
2024-08-02T08:33:59.746Z - GET - /api/products
2024-08-02T08:33:59.891Z - GET - /api/products
2024-08-02T08:34:00.053Z - GET - /api/products
2024-08-02T08:35:31.081Z - GET - /api/products
2024-08-02T08:35:31.083Z - GET - /api/products
2024-08-02T08:35:31.085Z - GET - /api/products
2024-08-02T08:35:31.087Z - GET - /api/products
2024-08-02T08:35:31.180Z - GET - /api/products
2024-08-02T08:35:31.182Z - GET - /api/products
2024-08-02T08:35:31.184Z - GET - /api/products
2024-08-02T08:35:31.187Z - GET - /api/products
2024-08-02T08:35:31.341Z - GET - /api/products
2024-08-02T08:35:31.344Z - GET - /api/products
2024-08-02T08:35:31.345Z - GET - /api/products
2024-08-02T08:35:31.348Z - GET - /api/products
2024-08-02T08:35:31.622Z - GET - /api/products
2024-08-02T08:35:31.624Z - GET - /api/products
2024-08-02T08:35:31.626Z - GET - /api/products
2024-08-02T08:35:31.628Z - GET - /api/products
2024-08-02T08:35:31.820Z - GET - /api/products
2024-08-02T08:35:31.823Z - GET - /api/products
2024-08-02T08:35:31.826Z - GET - /api/products
2024-08-02T08:35:31.828Z - GET - /api/products
2024-08-02T08:35:31.956Z - GET - /api/products
2024-08-02T08:35:31.958Z - GET - /api/products
2024-08-02T08:35:31.959Z - GET - /api/products
2024-08-02T08:35:31.962Z - GET - /api/products
2024-08-02T08:35:32.135Z - GET - /api/products
2024-08-02T08:35:32.138Z - GET - /api/products
2024-08-02T08:35:32.140Z - GET - /api/products
2024-08-02T08:35:32.142Z - GET - /api/products
2024-08-02T08:35:32.274Z - GET - /api/products
2024-08-02T08:35:32.277Z - GET - /api/products
2024-08-02T08:35:32.282Z - GET - /api/products
2024-08-02T08:35:32.287Z - GET - /api/products
2024-08-02T08:35:32.427Z - GET - /api/products
2024-08-02T08:35:32.430Z - GET - /api/products
2024-08-02T08:35:32.433Z - GET - /api/products
2024-08-02T08:35:32.435Z - GET - /api/products
2024-08-02T08:35:33.711Z - GET - /api/products
2024-08-02T08:35:40.925Z - POST - /api/products
2024-08-02T08:35:40.930Z - GET - /api/products
2024-08-02T08:36:21.445Z - GET - /api/products
2024-08-02T08:36:21.447Z - GET - /api/products
2024-08-02T08:36:21.451Z - GET - /api/products
2024-08-02T08:36:21.453Z - GET - /api/products
2024-08-02T08:42:55.525Z - GET - /api/products
2024-08-02T08:43:45.172Z - GET - /api/products
2024-08-02T08:43:45.187Z - GET - /api/products
2024-08-02T08:43:45.192Z - GET - /api/products
2024-08-02T08:44:04.029Z - GET - /api/products
2024-08-02T08:44:04.034Z - GET - /api/products
2024-08-02T08:44:04.038Z - GET - /api/products
2024-08-02T08:44:04.043Z - GET - /api/products
2024-08-02T08:44:04.368Z - GET - /api/products
2024-08-02T08:44:04.372Z - GET - /api/products
2024-08-02T08:44:04.377Z - GET - /api/products
2024-08-02T08:44:04.382Z - GET - /api/products
2024-08-02T08:44:04.569Z - GET - /api/products
2024-08-02T08:44:04.573Z - GET - /api/products
2024-08-02T08:44:04.578Z - GET - /api/products
2024-08-02T08:44:04.583Z - GET - /api/products
2024-08-02T08:44:04.720Z - GET - /api/products
2024-08-02T08:44:04.724Z - GET - /api/products
2024-08-02T08:44:04.728Z - GET - /api/products
2024-08-02T08:44:04.732Z - GET - /api/products
2024-08-02T08:44:04.890Z - GET - /api/products
2024-08-02T08:44:04.894Z - GET - /api/products
2024-08-02T08:44:04.897Z - GET - /api/products
2024-08-02T08:44:04.901Z - GET - /api/products
2024-08-02T08:44:05.029Z - GET - /api/products
2024-08-02T08:44:05.034Z - GET - /api/products
2024-08-02T08:44:05.044Z - GET - /api/products
2024-08-02T08:44:05.052Z - GET - /api/products
2024-08-02T08:44:39.410Z - POST - /api/users/login
2024-08-02T08:44:39.425Z - GET - /api/products
2024-08-02T08:44:39.427Z - GET - /api/products
2024-08-02T08:44:46.786Z - POST - /api/users/login
2024-08-02T08:44:46.803Z - GET - /api/products
2024-08-02T08:44:46.807Z - GET - /api/products
2024-08-03T17:49:38.459Z - POST - /api/users/login
2024-08-03T17:49:38.489Z - GET - /api/products
2024-08-03T17:49:38.492Z - GET - /api/products
2024-08-03T17:49:52.357Z - POST - /api/users/login
2024-08-03T17:49:52.375Z - GET - /api/products
2024-08-03T17:49:52.387Z - GET - /api/products
2024-08-03T17:49:59.584Z - PUT - /api/products/7013ac25-3f0e-4bc0-9ac3-196438b6f3bf
2024-08-03T17:49:59.602Z - GET - /api/products
2024-08-03T17:50:06.343Z - PUT - /api/products/d7e5784a-fa29-4faf-81b4-0b45d81aa2c7
2024-08-03T17:50:06.362Z - GET - /api/products
2024-08-03T17:52:02.238Z - GET - /api/products
2024-08-03T17:52:02.243Z - GET - /api/products
2024-08-03T17:52:09.422Z - GET - /api/products
2024-08-03T17:52:09.427Z - GET - /api/products
2024-08-03T17:52:09.961Z - GET - /api/products
2024-08-03T17:52:09.965Z - GET - /api/products
2024-08-03T17:52:10.143Z - GET - /api/products
2024-08-03T17:52:10.146Z - GET - /api/products
2024-08-03T17:52:10.291Z - GET - /api/products
2024-08-03T17:52:10.294Z - GET - /api/products
2024-08-03T17:53:58.238Z - GET - /api/products
2024-08-03T17:53:58.240Z - GET - /api/products
2024-08-03T17:54:00.512Z - GET - /api/products
2024-08-03T17:54:00.514Z - GET - /api/products
2024-08-03T17:54:38.722Z - GET - /api/products
2024-08-03T17:54:38.727Z - GET - /api/products
2024-08-03T17:54:39.359Z - GET - /api/products
2024-08-03T17:54:39.361Z - GET - /api/products
2024-08-03T17:54:39.898Z - GET - /api/products
2024-08-03T17:54:39.900Z - GET - /api/products
2024-08-03T17:54:40.182Z - GET - /api/products
2024-08-03T17:54:40.185Z - GET - /api/products
2024-08-03T17:54:40.524Z - GET - /api/products
2024-08-03T17:54:40.526Z - GET - /api/products
2024-08-03T17:55:00.232Z - GET - /api/products
2024-08-03T17:55:06.828Z - GET - /api/products
2024-08-03T17:55:06.834Z - GET - /api/products
2024-08-03T17:55:07.496Z - GET - /api/products
2024-08-03T17:55:07.502Z - GET - /api/products
2024-08-03T17:55:07.692Z - GET - /api/products
2024-08-03T17:55:07.698Z - GET - /api/products
2024-08-03T17:55:07.847Z - GET - /api/products
2024-08-03T17:55:07.851Z - GET - /api/products
2024-08-03T17:55:08.019Z - GET - /api/products
2024-08-03T17:55:08.023Z - GET - /api/products
2024-08-03T17:55:08.229Z - GET - /api/products
2024-08-03T17:55:08.233Z - GET - /api/products
2024-08-03T17:55:16.292Z - PUT - /api/products/7013ac25-3f0e-4bc0-9ac3-196438b6f3bf
2024-08-03T17:55:16.306Z - GET - /api/products
2024-08-03T17:55:40.241Z - POST - /api/products
2024-08-03T17:55:40.254Z - GET - /api/products
2024-08-03T17:55:44.272Z - POST - /api/products
2024-08-03T17:55:44.278Z - GET - /api/products
2024-08-03T17:55:59.269Z - POST - /api/products
2024-08-03T17:55:59.291Z - GET - /api/products
2024-08-03T17:57:27.752Z - GET - /api/products
2024-08-03T17:57:27.764Z - GET - /api/products
2024-08-03T17:57:28.559Z - GET - /api/products
2024-08-03T17:57:28.565Z - GET - /api/products
2024-08-03T17:58:05.141Z - GET - /api/products
2024-08-03T17:58:05.146Z - GET - /api/products
2024-08-03T17:58:05.915Z - GET - /api/products
2024-08-03T17:58:05.920Z - GET - /api/products
2024-08-03T17:58:06.110Z - GET - /api/products
2024-08-03T17:58:06.115Z - GET - /api/products
2024-08-03T17:58:06.232Z - GET - /api/products
2024-08-03T17:58:06.235Z - GET - /api/products
2024-08-03T17:58:06.421Z - GET - /api/products
2024-08-03T17:58:06.429Z - GET - /api/products
2024-08-03T17:58:08.357Z - GET - /api/products
2024-08-03T17:58:08.360Z - GET - /api/products
2024-08-03T17:59:25.022Z - GET - /api/products
2024-08-03T17:59:25.030Z - GET - /api/products
2024-08-03T17:59:25.689Z - GET - /api/products
2024-08-03T17:59:25.694Z - GET - /api/products
2024-08-03T17:59:25.858Z - GET - /api/products
2024-08-03T17:59:25.863Z - GET - /api/products
2024-08-03T17:59:26.045Z - GET - /api/products
2024-08-03T17:59:26.050Z - GET - /api/products
2024-08-03T18:00:39.272Z - GET - /api/products
2024-08-03T18:00:39.278Z - GET - /api/products
2024-08-03T18:00:39.804Z - GET - /api/products
2024-08-03T18:00:39.809Z - GET - /api/products
2024-08-03T18:00:39.975Z - GET - /api/products
2024-08-03T18:00:39.981Z - GET - /api/products
2024-08-03T18:00:40.090Z - GET - /api/products
2024-08-03T18:00:40.096Z - GET - /api/products
2024-08-03T18:00:40.256Z - GET - /api/products
2024-08-03T18:00:40.261Z - GET - /api/products
2024-08-03T18:00:40.371Z - GET - /api/products
2024-08-03T18:00:40.380Z - GET - /api/products
2024-08-03T18:00:40.511Z - GET - /api/products
2024-08-03T18:00:40.515Z - GET - /api/products
2024-08-03T18:00:40.635Z - GET - /api/products
2024-08-03T18:00:40.639Z - GET - /api/products
2024-08-03T18:01:07.395Z - GET - /api/products
2024-08-03T18:01:07.404Z - GET - /api/products
2024-08-03T18:01:42.026Z - GET - /api/products
2024-08-03T18:01:42.033Z - GET - /api/products
2024-08-03T18:03:08.729Z - GET - /api/products
2024-08-03T18:03:08.733Z - GET - /api/products
2024-08-03T18:03:09.249Z - GET - /api/products
2024-08-03T18:03:09.253Z - GET - /api/products
2024-08-03T18:03:09.392Z - GET - /api/products
2024-08-03T18:03:09.396Z - GET - /api/products
2024-08-03T18:03:09.522Z - GET - /api/products
2024-08-03T18:03:09.526Z - GET - /api/products
2024-08-03T18:03:09.695Z - GET - /api/products
2024-08-03T18:03:09.701Z - GET - /api/products
2024-08-03T18:03:27.231Z - GET - /api/products
2024-08-03T18:03:29.802Z - GET - /api/products
2024-08-03T18:03:29.807Z - GET - /api/products
2024-08-03T18:03:35.231Z - GET - /api/products
2024-08-03T18:03:37.679Z - GET - /api/products
2024-08-03T18:03:37.686Z - GET - /api/products
2024-08-03T18:03:38.168Z - GET - /api/products
2024-08-03T18:03:38.171Z - GET - /api/products
2024-08-03T18:03:38.333Z - GET - /api/products
2024-08-03T18:03:38.336Z - GET - /api/products
2024-08-03T18:03:38.450Z - GET - /api/products
2024-08-03T18:03:38.453Z - GET - /api/products
2024-08-03T18:03:38.662Z - GET - /api/products
2024-08-03T18:03:38.666Z - GET - /api/products
2024-08-03T18:04:46.239Z - GET - /api/products
2024-08-03T18:04:46.242Z - GET - /api/products
2024-08-03T18:04:48.453Z - GET - /api/products
2024-08-03T18:04:48.456Z - GET - /api/products
2024-08-03T18:05:15.885Z - GET - /api/products
2024-08-03T18:05:15.889Z - GET - /api/products
2024-08-03T18:05:16.446Z - GET - /api/products
2024-08-03T18:05:16.450Z - GET - /api/products
2024-08-03T18:05:16.598Z - GET - /api/products
2024-08-03T18:05:16.604Z - GET - /api/products
2024-08-03T18:05:16.747Z - GET - /api/products
2024-08-03T18:05:16.751Z - GET - /api/products
2024-08-03T18:06:52.251Z - GET - /api/products
2024-08-03T18:06:52.256Z - GET - /api/products
2024-08-03T18:06:58.204Z - GET - /api/products
2024-08-03T18:06:58.208Z - GET - /api/products
2024-08-03T18:06:58.787Z - GET - /api/products
2024-08-03T18:06:58.792Z - GET - /api/products
2024-08-03T18:06:58.950Z - GET - /api/products
2024-08-03T18:06:58.954Z - GET - /api/products
2024-08-03T18:06:59.097Z - GET - /api/products
2024-08-03T18:06:59.102Z - GET - /api/products
2024-08-03T18:06:59.269Z - GET - /api/products
2024-08-03T18:06:59.280Z - GET - /api/products
2024-08-03T18:06:59.396Z - GET - /api/products
2024-08-03T18:06:59.400Z - GET - /api/products
2024-08-03T18:06:59.550Z - GET - /api/products
2024-08-03T18:06:59.555Z - GET - /api/products
2024-08-03T18:06:59.692Z - GET - /api/products
2024-08-03T18:06:59.696Z - GET - /api/products
2024-08-03T18:06:59.891Z - GET - /api/products
2024-08-03T18:06:59.907Z - GET - /api/products
2024-08-03T18:07:00.046Z - GET - /api/products
2024-08-03T18:07:00.051Z - GET - /api/products
2024-08-03T18:07:00.250Z - GET - /api/products
2024-08-03T18:07:00.254Z - GET - /api/products
2024-08-03T18:07:00.392Z - GET - /api/products
2024-08-03T18:07:00.397Z - GET - /api/products
2024-08-03T18:07:05.246Z - GET - /api/products
2024-08-03T18:07:05.250Z - GET - /api/products
2024-08-03T18:07:21.222Z - GET - /api/products
2024-08-03T18:07:24.191Z - GET - /api/products
2024-08-03T18:07:24.199Z - GET - /api/products
2024-08-03T18:07:24.755Z - GET - /api/products
2024-08-03T18:07:24.760Z - GET - /api/products
2024-08-03T18:07:24.881Z - GET - /api/products
2024-08-03T18:07:24.885Z - GET - /api/products
2024-08-03T18:07:25.007Z - GET - /api/products
2024-08-03T18:07:25.011Z - GET - /api/products
2024-08-03T18:07:25.199Z - GET - /api/products
2024-08-03T18:07:25.203Z - GET - /api/products
2024-08-03T18:07:25.352Z - GET - /api/products
2024-08-03T18:07:25.357Z - GET - /api/products
2024-08-03T18:07:40.229Z - GET - /api/products
2024-08-03T18:07:43.306Z - GET - /api/products
2024-08-03T18:07:43.326Z - GET - /api/products
2024-08-03T18:07:43.579Z - GET - /api/products
2024-08-03T18:07:43.583Z - GET - /api/products
2024-08-03T18:07:43.776Z - GET - /api/products
2024-08-03T18:07:43.780Z - GET - /api/products
2024-08-03T18:07:43.917Z - GET - /api/products
2024-08-03T18:07:43.921Z - GET - /api/products
2024-08-03T18:11:21.238Z - GET - /api/products/b5f40c2b-6f81-4ba2-b818-5f2d8da0f3c3
2024-08-03T18:11:21.242Z - GET - /api/products
2024-08-03T18:11:21.243Z - GET - /api/products/b5f40c2b-6f81-4ba2-b818-5f2d8da0f3c3
2024-08-03T18:11:21.245Z - GET - /api/products
2024-08-03T18:11:39.764Z - GET - /api/products
2024-08-03T18:11:39.767Z - GET - /api/products
2024-08-03T18:12:26.446Z - POST - /api/users/login
2024-08-03T18:12:26.458Z - GET - /api/products
2024-08-03T18:12:26.463Z - GET - /api/products
2024-08-03T18:12:32.458Z - POST - /api/users/login
2024-08-03T18:12:32.487Z - GET - /api/products
2024-08-03T18:12:32.492Z - GET - /api/products
2024-08-03T18:12:43.910Z - POST - /api/users/login
2024-08-03T18:12:43.930Z - GET - /api/products
2024-08-03T18:12:43.933Z - GET - /api/products
2024-08-03T18:12:50.728Z - POST - /api/users/login
2024-08-03T18:12:50.752Z - GET - /api/products
2024-08-03T18:12:50.763Z - GET - /api/products
2024-08-03T18:13:03.153Z - POST - /api/users/login
2024-08-03T18:13:03.163Z - GET - /api/products
2024-08-03T18:13:03.166Z - GET - /api/products
2024-08-03T18:13:09.422Z - POST - /api/users/login
2024-08-03T18:13:09.444Z - GET - /api/products
2024-08-03T18:13:09.449Z - GET - /api/products
2024-08-04T04:09:54.987Z - POST - /api/users/login
2024-08-04T04:09:57.027Z - GET - /api/products
2024-08-04T04:09:57.031Z - GET - /api/products
2024-08-04T04:10:08.748Z - POST - /api/users/login
2024-08-04T04:10:08.778Z - GET - /api/products
2024-08-04T04:10:08.790Z - GET - /api/products
2024-08-04T04:10:24.274Z - PUT - /api/products/b5f40c2b-6f81-4ba2-b818-5f2d8da0f3c3
2024-08-04T04:10:24.289Z - GET - /api/products
2024-08-04T04:23:30.149Z - GET - /api/products
2024-08-04T04:23:50.508Z - POST - /api/users/login
2024-08-04T04:23:50.534Z - GET - /api/products
2024-08-04T04:23:50.542Z - GET - /api/products
2024-08-04T04:25:01.151Z - GET - /api/user.json
2024-08-04T04:25:01.155Z - GET - /api/products
2024-08-04T04:25:01.158Z - GET - /api/user.json
2024-08-04T04:25:01.160Z - GET - /api/products
2024-08-04T04:25:11.044Z - POST - /api/users/login
2024-08-04T04:25:11.075Z - GET - /api/user.json
2024-08-04T04:25:11.076Z - GET - /api/products
2024-08-04T04:25:11.080Z - GET - /api/user.json
2024-08-04T04:25:11.082Z - GET - /api/products
2024-08-04T04:26:05.494Z - POST - /api/users/login
2024-08-04T04:26:05.515Z - GET - /api/user.json
2024-08-04T04:26:05.518Z - GET - /api/products
2024-08-04T04:26:05.522Z - GET - /api/user.json
2024-08-04T04:26:05.525Z - GET - /api/products
2024-08-04T04:26:12.040Z - GET - /api/products
2024-08-04T04:27:48.457Z - POST - /api/users/login
2024-08-04T04:27:48.484Z - GET - /api/user.json
2024-08-04T04:27:48.487Z - GET - /api/products
2024-08-04T04:27:48.490Z - GET - /api/user.json
2024-08-04T04:27:48.491Z - GET - /api/products
2024-08-04T04:28:09.689Z - POST - /api/users/login
2024-08-04T04:28:09.711Z - GET - /api/user.json
2024-08-04T04:28:09.714Z - GET - /api/products
2024-08-04T04:28:09.722Z - GET - /api/user.json
2024-08-04T04:28:09.723Z - GET - /api/products
2024-08-04T04:30:23.142Z - GET - /api/users.json
2024-08-04T04:30:23.144Z - GET - /api/products
2024-08-04T04:30:31.992Z - POST - /api/users/login
2024-08-04T04:30:32.015Z - GET - /api/users.json
2024-08-04T04:30:32.017Z - GET - /api/products
2024-08-04T04:30:32.020Z - GET - /api/users.json
2024-08-04T04:30:32.022Z - GET - /api/products
2024-08-04T04:31:05.054Z - GET - /tasks
2024-08-04T04:31:09.085Z - GET - /users.json
2024-08-04T04:33:42.137Z - GET - /api/[0]
2024-08-04T04:33:42.138Z - GET - /api/products
2024-08-04T04:33:47.243Z - GET - /api/products
2024-08-04T04:33:53.719Z - POST - /api/users/login
2024-08-04T04:33:53.743Z - GET - /api/[0]
2024-08-04T04:33:53.745Z - GET - /api/products
2024-08-04T04:33:53.749Z - GET - /api/[0]
2024-08-04T04:33:53.751Z - GET - /api/products
2024-08-04T04:34:12.134Z - GET - /api/users.json
2024-08-04T04:34:12.135Z - GET - /api/products
2024-08-04T04:36:37.842Z - GET - /api/users
2024-08-04T04:36:37.844Z - GET - /api/products
2024-08-04T04:36:44.990Z - POST - /api/users/login
2024-08-04T04:36:45.015Z - GET - /api/products
2024-08-04T04:36:45.018Z - GET - /api/users
2024-08-04T04:36:45.021Z - GET - /api/products
2024-08-04T04:36:45.024Z - GET - /api/users
2024-08-04T06:38:23.451Z - GET - /api/products
2024-08-04T06:38:23.453Z - GET - /api/users
2024-08-04T06:38:33.234Z - POST - /api/users/login
2024-08-04T06:38:33.248Z - GET - /api/products
2024-08-04T06:38:33.254Z - GET - /api/users
2024-08-04T06:38:33.255Z - GET - /api/products
2024-08-04T06:38:33.259Z - GET - /api/users
2024-08-04T06:53:01.804Z - GET - /users.json
2024-08-04T06:53:02.503Z - GET - /users.json
2024-08-04T06:53:02.694Z - GET - /users.json
2024-08-04T06:53:02.887Z - GET - /users.json
2024-08-04T06:53:03.095Z - GET - /users.json
2024-08-04T06:53:24.805Z - GET - /api/users/file
2024-08-04T06:53:24.828Z - GET - /favicon.ico
2024-08-04T06:53:37.984Z - GET - /api/users
2024-08-04T06:53:37.985Z - GET - /api/products
2024-08-04T06:53:43.162Z - GET - /api/products
2024-08-04T06:53:43.164Z - GET - /api/products
2024-08-04T06:53:51.257Z - POST - /api/users/login
2024-08-04T06:53:51.270Z - GET - /api/products
2024-08-04T06:53:51.273Z - GET - /api/products
2024-08-04T06:55:05.666Z - GET - /api/products
2024-08-04T06:55:16.474Z - POST - /api/users/login
2024-08-04T06:55:16.483Z - GET - /api/products
2024-08-04T06:55:16.485Z - GET - /api/products
2024-08-04T06:55:24.343Z - POST - /api/users/login
2024-08-04T06:55:24.356Z - GET - /api/products
2024-08-04T06:55:24.359Z - GET - /api/products
2024-08-04T06:55:37.689Z - GET - /api/products
2024-08-04T06:55:44.649Z - POST - /api/users/login
2024-08-04T06:55:44.660Z - GET - /api/products
2024-08-04T06:55:44.663Z - GET - /api/products
2024-08-04T06:56:21.667Z - GET - /api/products
2024-08-04T06:56:28.033Z - POST - /api/users/login
2024-08-04T06:56:28.044Z - GET - /api/products
2024-08-04T06:56:28.047Z - GET - /api/products
2024-08-04T06:56:46.248Z - PUT - /api/products/6b4dfce5-135d-43cd-bc60-16fceac37c5d
2024-08-04T06:56:46.255Z - GET - /api/products
2024-08-04T06:56:59.248Z - PUT - /api/products/6b4dfce5-135d-43cd-bc60-16fceac37c5d
2024-08-04T06:56:59.262Z - GET - /api/products
2024-08-04T06:57:49.683Z - GET - /api/products
2024-08-04T06:57:49.690Z - GET - /api/api/users/file
2024-08-04T06:57:49.693Z - GET - /api/products
2024-08-04T06:57:49.694Z - GET - /api/api/users/file
2024-08-04T06:58:03.312Z - POST - /api/users/login
2024-08-04T06:58:03.325Z - GET - /api/products
2024-08-04T06:58:03.329Z - GET - /api/api/users/file
2024-08-04T06:58:03.331Z - GET - /api/products
2024-08-04T06:58:03.334Z - GET - /api/api/users/file
2024-08-04T07:01:00.361Z - GET - /api/users/file
2024-08-04T07:01:02.095Z - GET - /api/users/file
2024-08-04T07:01:02.270Z - GET - /api/users/file
2024-08-04T07:01:02.429Z - GET - /api/users/file
2024-08-04T07:01:02.590Z - GET - /api/users/file
2024-08-04T07:01:02.742Z - GET - /api/users/file
2024-08-04T07:12:03.671Z - GET - /api/users/file
2024-08-04T07:12:03.671Z - GET - /api/products
2024-08-04T07:12:13.465Z - POST - /api/users/login
2024-08-04T07:12:13.486Z - GET - /api/users/file
2024-08-04T07:12:13.488Z - GET - /api/products
2024-08-04T07:12:13.492Z - GET - /api/products
2024-08-04T07:12:13.495Z - GET - /api/users/file
2024-08-04T07:14:23.396Z - POST - /api/products
2024-08-04T07:14:23.404Z - GET - /api/products
2024-08-04T07:14:39.023Z - POST - /api/products
2024-08-04T07:14:39.030Z - GET - /api/products
2024-08-04T07:14:59.272Z - POST - /api/products
2024-08-04T07:14:59.281Z - GET - /api/products
2024-08-04T07:17:50.016Z - GET - /api/products
2024-08-04T07:18:31.608Z - GET - /api/users/file
2024-08-04T08:37:28.398Z - PUT - /api/products/aaab6193-ea88-4f25-bd1a-2efd8b9ccb38
2024-08-04T08:37:28.407Z - GET - /api/products
2024-08-04T08:37:35.526Z - GET - /api/products
2024-08-04T08:37:35.716Z - GET - /api/products
2024-08-04T08:37:35.895Z - GET - /api/products
2024-08-04T08:37:36.065Z - GET - /api/products
2024-08-04T08:38:04.263Z - POST - /api/users/login
2024-08-04T08:38:04.277Z - GET - /api/users/file
2024-08-04T08:38:04.279Z - GET - /api/products
2024-08-04T08:38:04.287Z - GET - /api/products
2024-08-04T08:38:04.290Z - GET - /api/users/file
2024-08-04T08:40:34.918Z - PUT - /api/products/a621b460-01a2-4182-a39a-34f1a705b8ae
2024-08-04T08:40:34.927Z - GET - /api/products
2024-08-04T08:40:37.963Z - PUT - /api/products/a621b460-01a2-4182-a39a-34f1a705b8ae
2024-08-04T08:40:37.974Z - GET - /api/products
2024-08-04T08:41:10.806Z - PUT - /api/products/a621b460-01a2-4182-a39a-34f1a705b8ae
2024-08-04T08:41:10.821Z - GET - /api/products
2024-08-04T08:41:18.390Z - PUT - /api/products/3df53dfc-89e2-478a-9aa8-d26b3394fd28
2024-08-04T08:41:18.405Z - GET - /api/products
2024-08-04T08:41:25.703Z - DELETE - /api/products/3df53dfc-89e2-478a-9aa8-d26b3394fd28
2024-08-04T08:41:25.722Z - GET - /api/products
2024-08-04T08:49:04.671Z - GET - /api/products
2024-08-04T08:49:04.677Z - GET - /api/users/file
2024-08-04T08:49:04.679Z - GET - /api/products
2024-08-04T08:49:04.683Z - GET - /api/users/file
2024-08-04T08:49:15.928Z - POST - /api/users/login
2024-08-04T08:49:15.942Z - GET - /api/products
2024-08-04T08:49:15.946Z - GET - /api/users/file
2024-08-04T08:49:15.949Z - GET - /api/products
2024-08-04T08:49:15.952Z - GET - /api/users/file
2024-08-04T08:49:30.634Z - POST - /api/products
2024-08-04T08:49:30.637Z - GET - /api/products
2024-08-04T08:49:37.412Z - POST - /api/products
2024-08-04T08:49:37.422Z - GET - /api/products
2024-08-04T08:50:01.670Z - GET - /api/products
2024-08-04T08:50:01.677Z - GET - /api/users/file
2024-08-04T08:50:01.679Z - GET - /api/products
2024-08-04T08:50:01.682Z - GET - /api/users/file
2024-08-04T08:50:07.409Z - DELETE - /api/products/0d47d63e-9197-4732-bd07-ec343a45d97f
2024-08-04T08:50:07.422Z - GET - /api/products
2024-08-04T08:50:28.971Z - GET - /api/users/file
2024-08-04T08:50:29.462Z - GET - /api/users/file
2024-08-04T08:50:29.653Z - GET - /api/users/file
2024-08-04T08:50:29.838Z - GET - /api/users/file
2024-08-04T08:50:30.005Z - GET - /api/users/file
2024-08-04T08:50:30.206Z - GET - /api/users/file
2024-08-04T08:55:31.227Z - POST - /api/users/login
2024-08-04T08:55:31.243Z - GET - /api/users/file
2024-08-04T08:55:31.244Z - GET - /api/products
2024-08-04T08:55:31.245Z - GET - /api/products
2024-08-04T08:55:31.246Z - GET - /api/users/file
2024-08-04T08:55:35.981Z - POST - /api/users/login
2024-08-04T08:55:35.987Z - GET - /api/products
2024-08-04T08:55:35.989Z - GET - /api/users/file
2024-08-04T08:55:35.990Z - GET - /api/products
2024-08-04T08:55:35.993Z - GET - /api/users/file
2024-08-04T08:55:44.118Z - POST - /api/users/login
2024-08-04T08:55:44.133Z - GET - /api/users/file
2024-08-04T08:55:44.135Z - GET - /api/products
2024-08-04T08:55:44.140Z - GET - /api/products
2024-08-04T08:55:44.143Z - GET - /api/users/file
2024-08-04T08:57:50.976Z - POST - /api/users/login
2024-08-04T08:57:50.978Z - POST - /api/users/login
2024-08-04T08:57:50.980Z - POST - /api/users/login
2024-08-04T08:57:50.982Z - POST - /api/users/login
2024-08-04T08:57:50.984Z - POST - /api/users/login
2024-08-04T08:57:50.986Z - POST - /api/users/login
2024-08-04T08:57:50.988Z - POST - /api/users/login
2024-08-04T08:57:50.991Z - GET - /api/users/file
2024-08-04T08:57:50.992Z - GET - /api/products
2024-08-04T08:57:50.994Z - GET - /api/products
2024-08-04T08:57:50.995Z - GET - /api/users/file
2024-08-04T08:57:53.908Z - POST - /api/users/login
2024-08-04T08:57:53.915Z - GET - /api/products
2024-08-04T08:57:53.916Z - GET - /api/products
2024-08-04T08:57:53.918Z - GET - /api/users/file
2024-08-04T08:57:53.919Z - GET - /api/users/file
2024-08-04T08:57:57.821Z - POST - /api/users/login
2024-08-04T08:57:57.827Z - GET - /api/users/file
2024-08-04T08:57:57.829Z - GET - /api/products
2024-08-04T08:57:57.831Z - GET - /api/products
2024-08-04T08:57:57.833Z - GET - /api/users/file
2024-08-04T08:59:28.223Z - POST - /api/users/login
2024-08-04T08:59:28.234Z - GET - /api/users/file
2024-08-04T08:59:28.235Z - GET - /api/products
2024-08-04T08:59:28.237Z - GET - /api/products
2024-08-04T08:59:28.238Z - GET - /api/users/file
2024-08-04T08:59:30.548Z - GET - /api/products
2024-08-04T09:00:06.558Z - POST - /api/users/login
2024-08-04T09:00:06.569Z - GET - /api/users/file
2024-08-04T09:00:06.570Z - GET - /api/products
2024-08-04T09:00:06.571Z - GET - /api/products
2024-08-04T09:00:06.572Z - GET - /api/users/file
2024-08-04T09:00:08.964Z - POST - /api/users/login
2024-08-04T09:00:08.970Z - GET - /api/products
2024-08-04T09:00:08.972Z - GET - /api/users/file
2024-08-04T09:00:08.973Z - GET - /api/products
2024-08-04T09:00:08.975Z - GET - /api/users/file
2024-08-04T09:01:38.742Z - POST - /api/users/login
2024-08-04T09:01:38.753Z - GET - /api/users/file
2024-08-04T09:01:38.754Z - GET - /api/products
2024-08-04T09:01:38.756Z - GET - /api/products
2024-08-04T09:01:38.757Z - GET - /api/users/file
2024-08-04T09:02:52.213Z - POST - /api/users/login
2024-08-04T09:02:59.196Z - POST - /api/users/login
2024-08-04T09:02:59.715Z - POST - /api/users/login
2024-08-04T09:02:59.876Z - POST - /api/users/login
2024-08-04T09:03:00.027Z - POST - /api/users/login
2024-08-04T09:03:07.924Z - POST - /api/users/login
2024-08-04T09:03:07.933Z - GET - /api/users/file
2024-08-04T09:03:07.934Z - GET - /api/products
2024-08-04T09:03:07.935Z - GET - /api/products
2024-08-04T09:03:07.937Z - GET - /api/users/file
2024-08-04T09:03:42.574Z - POST - /api/users/login
2024-08-04T09:03:47.837Z - POST - /api/users/login
2024-08-04T09:03:47.850Z - GET - /api/users/file
2024-08-04T09:03:47.851Z - GET - /api/products
2024-08-04T09:03:47.853Z - GET - /api/products
2024-08-04T09:03:47.855Z - GET - /api/users/file
2024-08-04T09:03:50.114Z - GET - /api/products
2024-08-04T09:03:55.758Z - POST - /api/users/login
2024-08-04T09:03:55.769Z - GET - /api/users/file
2024-08-04T09:03:55.771Z - GET - /api/products
2024-08-04T09:03:55.773Z - GET - /api/users/file
2024-08-04T09:03:55.774Z - GET - /api/products
2024-08-04T09:06:22.492Z - POST - /api/users/login
2024-08-04T09:06:27.661Z - POST - /api/users/login
2024-08-04T09:06:27.673Z - GET - /api/users/file
2024-08-04T09:06:27.674Z - GET - /api/products
2024-08-04T09:06:27.676Z - GET - /api/products
2024-08-04T09:06:27.677Z - GET - /api/users/file
2024-08-04T09:10:34.679Z - GET - /api/users/file
2024-08-04T09:10:34.679Z - GET - /api/products
2024-08-04T09:10:55.422Z - POST - /api/users/login
2024-08-04T09:11:00.942Z - POST - /api/users/login
2024-08-04T09:11:00.958Z - GET - /api/products
2024-08-04T09:11:00.961Z - GET - /api/users/file
2024-08-04T09:11:00.962Z - GET - /api/products
2024-08-04T09:11:00.967Z - GET - /api/users/file
2024-08-04T09:11:24.868Z - GET - /api/products
2024-08-04T09:11:39.240Z - PUT - /api/products/b35d2832-6f7c-46eb-853e-5f27f60bdf9d
2024-08-04T09:11:39.247Z - GET - /api/products
2024-08-04T09:11:49.552Z - PUT - /api/products/b35d2832-6f7c-46eb-853e-5f27f60bdf9d
2024-08-04T09:11:49.566Z - GET - /api/products
2024-08-04T09:12:09.552Z - POST - /api/products
2024-08-04T09:12:45.374Z - POST - /api/products
2024-08-04T09:12:45.387Z - GET - /api/products
2024-08-04T09:13:28.335Z - PUT - /api/products/07178bcd-987b-4937-a20b-135d4149fb78
2024-08-04T09:13:28.351Z - GET - /api/products
2024-08-04T09:13:31.587Z - PUT - /api/products/07178bcd-987b-4937-a20b-135d4149fb78
2024-08-04T09:13:31.600Z - GET - /api/products
2024-08-04T09:13:54.871Z - POST - /api/users/login
2024-08-04T09:13:57.156Z - POST - /api/users/login
2024-08-04T09:14:08.270Z - POST - /api/users/login
2024-08-04T09:14:08.291Z - GET - /api/products
2024-08-04T09:14:08.297Z - GET - /api/users/file
2024-08-04T09:14:08.300Z - GET - /api/products
2024-08-04T09:14:08.306Z - GET - /api/users/file
2024-08-04T09:15:31.702Z - POST - /api/users/login
2024-08-04T09:15:31.715Z - GET - /api/products
2024-08-04T09:15:31.718Z - GET - /api/users/file
2024-08-04T09:15:31.719Z - GET - /api/products
2024-08-04T09:15:31.722Z - GET - /api/users/file
2024-08-04T09:15:59.508Z - POST - /api/products
2024-08-04T09:16:59.669Z - GET - /api/products
2024-08-04T09:16:59.670Z - GET - /api/users/file
2024-08-04T09:17:22.665Z - GET - /api/products
2024-08-04T09:17:22.666Z - GET - /api/users/file
2024-08-04T09:23:12.407Z - PUT - /api/products/aaab6193-ea88-4f25-bd1a-2efd8b9ccb38
2024-08-04T09:23:12.415Z - GET - /api/products
2024-08-04T09:28:37.600Z - GET - /api/users/file
2024-08-04T09:28:37.804Z - GET - /api/users/file
2024-08-04T09:35:35.672Z - GET - /api/products
2024-08-04T09:35:35.677Z - GET - /api/users/file
2024-08-04T09:35:35.677Z - GET - /api/products
2024-08-04T09:35:35.680Z - GET - /api/users/file
2024-08-04T09:35:40.273Z - POST - /api/users/login
2024-08-04T09:35:44.867Z - POST - /api/users/login
2024-08-04T09:35:44.882Z - GET - /api/products
2024-08-04T09:35:44.885Z - GET - /api/users/file
2024-08-04T09:35:44.886Z - GET - /api/products
2024-08-04T09:35:44.890Z - GET - /api/users/file
2024-08-04T09:35:56.667Z - GET - /api/products
2024-08-04T09:35:56.669Z - GET - /api/users/file
2024-08-04T09:35:56.670Z - GET - /api/products
2024-08-04T09:35:56.671Z - GET - /api/users/file
2024-08-04T09:37:14.844Z - POST - /api/users/login
2024-08-04T09:37:19.787Z - POST - /api/users/login
2024-08-04T09:37:19.796Z - GET - /api/products
2024-08-04T09:37:19.802Z - GET - /api/api/users/file
2024-08-04T09:37:19.805Z - GET - /api/products
2024-08-04T09:37:19.808Z - GET - /api/api/users/file
2024-08-04T09:38:14.579Z - GET - /users/file
2024-08-04T09:38:16.197Z - GET - /users/file
2024-08-04T09:38:36.740Z - POST - /api/users/login
2024-08-04T09:38:41.036Z - POST - /api/users/login
2024-08-04T09:38:41.058Z - GET - /api/products
2024-08-04T09:38:41.065Z - GET - /api/users/file
2024-08-04T09:38:41.067Z - GET - /api/products
2024-08-04T09:38:41.071Z - GET - /api/users/file
2024-08-04T09:39:09.568Z - GET - /api/products
2024-08-04T09:39:09.570Z - GET - /api/users/file
2024-08-04T09:39:18.768Z - POST - /api/users/login
2024-08-04T09:39:18.779Z - GET - /api/products
2024-08-04T09:39:18.781Z - GET - /api/users/file
2024-08-04T09:39:18.782Z - GET - /api/products
2024-08-04T09:39:18.784Z - GET - /api/users/file
2024-08-04T09:39:21.172Z - GET - /api/products
2024-08-04T09:39:21.668Z - GET - /api/products
2024-08-04T09:39:21.835Z - GET - /api/products
2024-08-04T09:39:22.003Z - GET - /api/products
2024-08-04T09:39:22.163Z - GET - /api/products
2024-08-04T09:39:22.323Z - GET - /api/products
2024-08-04T09:39:22.554Z - GET - /api/products
2024-08-04T09:39:22.747Z - GET - /api/products
2024-08-04T09:39:22.955Z - GET - /api/products
2024-08-04T09:39:23.155Z - GET - /api/products
2024-08-04T09:39:23.339Z - GET - /api/products
2024-08-04T09:39:23.539Z - GET - /api/products
2024-08-04T09:39:35.668Z - GET - /api/products
2024-08-04T09:39:35.670Z - GET - /api/api/users/file
2024-08-04T09:39:44.719Z - POST - /api/users/login
2024-08-04T09:39:44.729Z - GET - /api/products
2024-08-04T09:39:44.732Z - GET - /api/api/users/file
2024-08-04T09:39:44.733Z - GET - /api/products
2024-08-04T09:39:44.734Z - GET - /api/api/users/file
2024-08-04T09:39:51.477Z - GET - /api/products
2024-08-04T09:39:51.479Z - GET - /api/api/users/file
2024-08-04T09:40:00.118Z - POST - /api/users/login
2024-08-04T09:40:04.163Z - POST - /api/users/login
2024-08-04T09:40:04.178Z - GET - /api/products
2024-08-04T09:40:04.181Z - GET - /api/api/users/file
2024-08-04T09:40:04.182Z - GET - /api/products
2024-08-04T09:40:04.185Z - GET - /api/api/users/file
2024-08-04T09:40:24.134Z - POST - /api/users/login
2024-08-04T09:40:27.604Z - POST - /api/users/login
2024-08-04T09:40:27.623Z - GET - /api/products
2024-08-04T09:40:27.629Z - GET - /api/api/users/file
2024-08-04T09:40:27.634Z - GET - /api/products
2024-08-04T09:40:27.637Z - GET - /api/api/users/file
2024-08-04T09:40:48.691Z - GET - /api/products
2024-08-04T09:40:48.698Z - GET - /api/users/file
2024-08-04T09:44:09.473Z - DELETE - /api/products/b5f40c2b-6f81-4ba2-b818-5f2d8da0f3c3
2024-08-04T09:44:09.490Z - GET - /api/products
2024-08-04T15:34:45.253Z - POST - /api/users/login
2024-08-04T15:34:53.716Z - POST - /api/users/login
2024-08-04T15:34:53.755Z - GET - /api/products
2024-08-04T15:34:53.769Z - GET - /api/users/file
2024-08-04T15:34:53.774Z - GET - /api/products
2024-08-04T15:34:53.782Z - GET - /api/users/file
2024-08-04T15:35:16.077Z - PUT - /api/products/6b4dfce5-135d-43cd-bc60-16fceac37c5d
2024-08-04T15:35:16.090Z - GET - /api/products
2024-08-04T15:55:39.780Z - GET - /api/products
2024-08-04T15:55:39.791Z - GET - /api/users/file
2024-08-04T15:58:22.780Z - POST - /api/users/login
2024-08-04T15:58:30.875Z - POST - /api/users/login
2024-08-04T15:58:30.908Z - GET - /api/users/file
2024-08-04T15:58:30.916Z - GET - /api/products
2024-08-04T15:58:30.926Z - GET - /api/products
2024-08-04T15:58:30.930Z - GET - /api/users/file
2024-08-04T16:00:49.779Z - GET - /api/products
2024-08-04T16:00:49.782Z - GET - /api/users/file
2024-08-04T16:02:22.770Z - GET - /api/products
2024-08-04T16:02:22.773Z - GET - /api/users/file
2024-08-04T16:02:38.300Z - POST - /api/users/login
2024-08-04T16:02:38.309Z - GET - /api/users/file
2024-08-04T16:02:38.328Z - GET - /api/users/file
2024-08-04T16:02:38.329Z - GET - /api/products
2024-08-04T16:02:38.334Z - GET - /api/products
2024-08-04T16:02:38.338Z - GET - /api/users/file
2024-08-04T16:09:00.868Z - POST - /api/users/login
2024-08-04T16:09:10.131Z - POST - /api/users/login
2024-08-04T16:09:10.139Z - GET - /api/users/file
2024-08-04T16:09:10.158Z - GET - /api/users/file
2024-08-04T16:09:10.161Z - GET - /api/products
2024-08-04T16:09:10.164Z - GET - /api/products
2024-08-04T16:09:10.167Z - GET - /api/users/file
2024-08-04T16:10:20.506Z - POST - /api/users/login
2024-08-04T16:10:32.586Z - POST - /api/users/login
2024-08-04T16:10:37.578Z - POST - /api/users/login
2024-08-04T16:10:37.605Z - GET - /api/products
2024-08-04T16:10:37.611Z - GET - /api/users/file
2024-08-04T16:10:37.612Z - GET - /api/products
2024-08-04T16:10:37.618Z - GET - /api/users/file
2024-08-04T16:11:26.653Z - POST - /api/users/login
2024-08-04T16:11:26.678Z - GET - /api/products
2024-08-04T16:11:26.681Z - GET - /api/users/file
2024-08-04T16:11:26.682Z - GET - /api/products
2024-08-04T16:11:26.687Z - GET - /api/users/file
2024-08-04T16:13:44.403Z - POST - /api/users/login
2024-08-04T16:13:44.423Z - GET - /api/products
2024-08-04T16:13:44.427Z - GET - /api/users/file
2024-08-04T16:13:44.431Z - GET - /api/products
2024-08-04T16:13:44.435Z - GET - /api/users/file
